{"/home/adrianzhu/Avarus-App/avarus-api/logic/comment/create-comment/index.spec.js":{"path":"/home/adrianzhu/Avarus-App/avarus-api/logic/comment/create-comment/index.spec.js","statementMap":{"0":{"start":{"line":1,"column":0},"end":{"line":1,"column":26}},"1":{"start":{"line":2,"column":32},"end":{"line":2,"column":39}},"2":{"start":{"line":3,"column":19},"end":{"line":3,"column":34}},"3":{"start":{"line":4,"column":22},"end":{"line":4,"column":34}},"4":{"start":{"line":5,"column":26},"end":{"line":5,"column":30}},"5":{"start":{"line":6,"column":52},"end":{"line":6,"column":74}},"6":{"start":{"line":7,"column":87},"end":{"line":7,"column":109}},"7":{"start":{"line":8,"column":15},"end":{"line":8,"column":34}},"8":{"start":{"line":10,"column":0},"end":{"line":163,"column":2}},"9":{"start":{"line":12,"column":4},"end":{"line":12,"column":47}},"10":{"start":{"line":12,"column":17},"end":{"line":12,"column":46}},"11":{"start":{"line":18,"column":16},"end":{"line":18,"column":46}},"12":{"start":{"line":19,"column":18},"end":{"line":19,"column":44}},"13":{"start":{"line":20,"column":21},"end":{"line":20,"column":79}},"14":{"start":{"line":21,"column":15},"end":{"line":21,"column":34}},"15":{"start":{"line":24,"column":8},"end":{"line":67,"column":10}},"16":{"start":{"line":26,"column":12},"end":{"line":26,"column":118}},"17":{"start":{"line":28,"column":12},"end":{"line":28,"column":48}},"18":{"start":{"line":29,"column":12},"end":{"line":29,"column":45}},"19":{"start":{"line":30,"column":12},"end":{"line":30,"column":64}},"20":{"start":{"line":31,"column":12},"end":{"line":31,"column":25}},"21":{"start":{"line":32,"column":12},"end":{"line":32,"column":29}},"22":{"start":{"line":34,"column":25},"end":{"line":34,"column":146}},"23":{"start":{"line":36,"column":12},"end":{"line":36,"column":28}},"24":{"start":{"line":37,"column":12},"end":{"line":37,"column":29}},"25":{"start":{"line":39,"column":12},"end":{"line":39,"column":44}},"26":{"start":{"line":40,"column":12},"end":{"line":40,"column":51}},"27":{"start":{"line":41,"column":12},"end":{"line":41,"column":56}},"28":{"start":{"line":42,"column":12},"end":{"line":42,"column":62}},"29":{"start":{"line":43,"column":12},"end":{"line":43,"column":70}},"30":{"start":{"line":44,"column":12},"end":{"line":44,"column":51}},"31":{"start":{"line":45,"column":12},"end":{"line":45,"column":39}},"32":{"start":{"line":46,"column":12},"end":{"line":46,"column":23}},"33":{"start":{"line":47,"column":28},"end":{"line":47,"column":133}},"34":{"start":{"line":48,"column":12},"end":{"line":48,"column":34}},"35":{"start":{"line":49,"column":12},"end":{"line":49,"column":39}},"36":{"start":{"line":50,"column":12},"end":{"line":50,"column":32}},"37":{"start":{"line":51,"column":26},"end":{"line":51,"column":76}},"38":{"start":{"line":53,"column":12},"end":{"line":53,"column":30}},"39":{"start":{"line":54,"column":12},"end":{"line":54,"column":38}},"40":{"start":{"line":55,"column":12},"end":{"line":55,"column":32}},"41":{"start":{"line":56,"column":12},"end":{"line":56,"column":32}},"42":{"start":{"line":57,"column":12},"end":{"line":57,"column":45}},"43":{"start":{"line":58,"column":12},"end":{"line":58,"column":37}},"44":{"start":{"line":59,"column":12},"end":{"line":59,"column":38}},"45":{"start":{"line":61,"column":32},"end":{"line":61,"column":157}},"46":{"start":{"line":63,"column":12},"end":{"line":63,"column":47}},"47":{"start":{"line":65,"column":12},"end":{"line":65,"column":36}},"48":{"start":{"line":69,"column":8},"end":{"line":84,"column":10}},"49":{"start":{"line":71,"column":31},"end":{"line":71,"column":84}},"50":{"start":{"line":73,"column":12},"end":{"line":73,"column":39}},"51":{"start":{"line":74,"column":12},"end":{"line":74,"column":48}},"52":{"start":{"line":76,"column":12},"end":{"line":76,"column":53}},"53":{"start":{"line":77,"column":12},"end":{"line":77,"column":61}},"54":{"start":{"line":78,"column":12},"end":{"line":78,"column":60}},"55":{"start":{"line":79,"column":12},"end":{"line":79,"column":80}},"56":{"start":{"line":80,"column":12},"end":{"line":80,"column":53}},"57":{"start":{"line":81,"column":12},"end":{"line":81,"column":48}},"58":{"start":{"line":82,"column":12},"end":{"line":82,"column":61}},"59":{"start":{"line":86,"column":8},"end":{"line":105,"column":10}},"60":{"start":{"line":88,"column":32},"end":{"line":88,"column":53}},"61":{"start":{"line":90,"column":12},"end":{"line":103,"column":13}},"62":{"start":{"line":91,"column":16},"end":{"line":91,"column":74}},"63":{"start":{"line":93,"column":16},"end":{"line":93,"column":58}},"64":{"start":{"line":96,"column":16},"end":{"line":96,"column":38}},"65":{"start":{"line":97,"column":16},"end":{"line":97,"column":46}},"66":{"start":{"line":98,"column":16},"end":{"line":98,"column":63}},"67":{"start":{"line":99,"column":16},"end":{"line":99,"column":65}},"68":{"start":{"line":100,"column":16},"end":{"line":100,"column":93}},"69":{"start":{"line":101,"column":16},"end":{"line":101,"column":64}},"70":{"start":{"line":108,"column":8},"end":{"line":127,"column":10}},"71":{"start":{"line":110,"column":44},"end":{"line":110,"column":65}},"72":{"start":{"line":112,"column":12},"end":{"line":125,"column":13}},"73":{"start":{"line":113,"column":16},"end":{"line":113,"column":74}},"74":{"start":{"line":115,"column":16},"end":{"line":115,"column":58}},"75":{"start":{"line":118,"column":16},"end":{"line":118,"column":38}},"76":{"start":{"line":119,"column":16},"end":{"line":119,"column":46}},"77":{"start":{"line":120,"column":16},"end":{"line":120,"column":63}},"78":{"start":{"line":121,"column":16},"end":{"line":121,"column":65}},"79":{"start":{"line":122,"column":16},"end":{"line":122,"column":112}},"80":{"start":{"line":123,"column":16},"end":{"line":123,"column":64}},"81":{"start":{"line":129,"column":4},"end":{"line":159,"column":6}},"82":{"start":{"line":132,"column":8},"end":{"line":132,"column":79}},"83":{"start":{"line":132,"column":21},"end":{"line":132,"column":37}},"84":{"start":{"line":133,"column":8},"end":{"line":133,"column":85}},"85":{"start":{"line":133,"column":21},"end":{"line":133,"column":40}},"86":{"start":{"line":134,"column":8},"end":{"line":134,"column":79}},"87":{"start":{"line":134,"column":21},"end":{"line":134,"column":38}},"88":{"start":{"line":135,"column":8},"end":{"line":135,"column":94}},"89":{"start":{"line":135,"column":21},"end":{"line":135,"column":38}},"90":{"start":{"line":136,"column":8},"end":{"line":136,"column":95}},"91":{"start":{"line":136,"column":21},"end":{"line":136,"column":45}},"92":{"start":{"line":137,"column":8},"end":{"line":137,"column":85}},"93":{"start":{"line":137,"column":21},"end":{"line":137,"column":40}},"94":{"start":{"line":138,"column":8},"end":{"line":138,"column":90}},"95":{"start":{"line":138,"column":21},"end":{"line":138,"column":38}},"96":{"start":{"line":139,"column":8},"end":{"line":139,"column":95}},"97":{"start":{"line":139,"column":21},"end":{"line":139,"column":43}},"98":{"start":{"line":141,"column":8},"end":{"line":141,"column":87}},"99":{"start":{"line":141,"column":21},"end":{"line":141,"column":45}},"100":{"start":{"line":142,"column":8},"end":{"line":142,"column":93}},"101":{"start":{"line":142,"column":21},"end":{"line":142,"column":48}},"102":{"start":{"line":143,"column":8},"end":{"line":143,"column":87}},"103":{"start":{"line":143,"column":21},"end":{"line":143,"column":46}},"104":{"start":{"line":144,"column":8},"end":{"line":144,"column":102}},"105":{"start":{"line":144,"column":21},"end":{"line":144,"column":46}},"106":{"start":{"line":145,"column":8},"end":{"line":145,"column":103}},"107":{"start":{"line":145,"column":21},"end":{"line":145,"column":53}},"108":{"start":{"line":146,"column":8},"end":{"line":146,"column":93}},"109":{"start":{"line":146,"column":21},"end":{"line":146,"column":48}},"110":{"start":{"line":147,"column":8},"end":{"line":147,"column":105}},"111":{"start":{"line":147,"column":21},"end":{"line":147,"column":46}},"112":{"start":{"line":148,"column":8},"end":{"line":148,"column":110}},"113":{"start":{"line":148,"column":21},"end":{"line":148,"column":51}},"114":{"start":{"line":150,"column":8},"end":{"line":150,"column":107}},"115":{"start":{"line":150,"column":21},"end":{"line":150,"column":65}},"116":{"start":{"line":151,"column":8},"end":{"line":151,"column":113}},"117":{"start":{"line":151,"column":21},"end":{"line":151,"column":68}},"118":{"start":{"line":152,"column":8},"end":{"line":152,"column":107}},"119":{"start":{"line":152,"column":21},"end":{"line":152,"column":66}},"120":{"start":{"line":153,"column":8},"end":{"line":153,"column":122}},"121":{"start":{"line":153,"column":21},"end":{"line":153,"column":66}},"122":{"start":{"line":154,"column":8},"end":{"line":154,"column":123}},"123":{"start":{"line":154,"column":21},"end":{"line":154,"column":73}},"124":{"start":{"line":155,"column":8},"end":{"line":155,"column":113}},"125":{"start":{"line":155,"column":21},"end":{"line":155,"column":68}},"126":{"start":{"line":156,"column":8},"end":{"line":156,"column":116}},"127":{"start":{"line":156,"column":21},"end":{"line":156,"column":66}},"128":{"start":{"line":157,"column":8},"end":{"line":157,"column":121}},"129":{"start":{"line":157,"column":21},"end":{"line":157,"column":71}},"130":{"start":{"line":161,"column":8},"end":{"line":162,"column":35}},"131":{"start":{"line":161,"column":20},"end":{"line":162,"column":34}}},"fnMap":{"0":{"name":"(anonymous_0)","decl":{"start":{"line":10,"column":35},"end":{"line":10,"column":36}},"loc":{"start":{"line":10,"column":41},"end":{"line":163,"column":1}},"line":10},"1":{"name":"(anonymous_1)","decl":{"start":{"line":12,"column":11},"end":{"line":12,"column":12}},"loc":{"start":{"line":12,"column":17},"end":{"line":12,"column":46}},"line":12},"2":{"name":"(anonymous_2)","decl":{"start":{"line":24,"column":19},"end":{"line":24,"column":20}},"loc":{"start":{"line":24,"column":31},"end":{"line":67,"column":9}},"line":24},"3":{"name":"(anonymous_3)","decl":{"start":{"line":69,"column":76},"end":{"line":69,"column":77}},"loc":{"start":{"line":69,"column":88},"end":{"line":84,"column":9}},"line":69},"4":{"name":"(anonymous_4)","decl":{"start":{"line":86,"column":71},"end":{"line":86,"column":72}},"loc":{"start":{"line":86,"column":83},"end":{"line":105,"column":9}},"line":86},"5":{"name":"(anonymous_5)","decl":{"start":{"line":108,"column":78},"end":{"line":108,"column":79}},"loc":{"start":{"line":108,"column":90},"end":{"line":127,"column":9}},"line":108},"6":{"name":"(anonymous_6)","decl":{"start":{"line":129,"column":105},"end":{"line":129,"column":106}},"loc":{"start":{"line":129,"column":111},"end":{"line":159,"column":5}},"line":129},"7":{"name":"(anonymous_7)","decl":{"start":{"line":132,"column":15},"end":{"line":132,"column":16}},"loc":{"start":{"line":132,"column":21},"end":{"line":132,"column":37}},"line":132},"8":{"name":"(anonymous_8)","decl":{"start":{"line":133,"column":15},"end":{"line":133,"column":16}},"loc":{"start":{"line":133,"column":21},"end":{"line":133,"column":40}},"line":133},"9":{"name":"(anonymous_9)","decl":{"start":{"line":134,"column":15},"end":{"line":134,"column":16}},"loc":{"start":{"line":134,"column":21},"end":{"line":134,"column":38}},"line":134},"10":{"name":"(anonymous_10)","decl":{"start":{"line":135,"column":15},"end":{"line":135,"column":16}},"loc":{"start":{"line":135,"column":21},"end":{"line":135,"column":38}},"line":135},"11":{"name":"(anonymous_11)","decl":{"start":{"line":136,"column":15},"end":{"line":136,"column":16}},"loc":{"start":{"line":136,"column":21},"end":{"line":136,"column":45}},"line":136},"12":{"name":"(anonymous_12)","decl":{"start":{"line":137,"column":15},"end":{"line":137,"column":16}},"loc":{"start":{"line":137,"column":21},"end":{"line":137,"column":40}},"line":137},"13":{"name":"(anonymous_13)","decl":{"start":{"line":138,"column":15},"end":{"line":138,"column":16}},"loc":{"start":{"line":138,"column":21},"end":{"line":138,"column":38}},"line":138},"14":{"name":"(anonymous_14)","decl":{"start":{"line":139,"column":15},"end":{"line":139,"column":16}},"loc":{"start":{"line":139,"column":21},"end":{"line":139,"column":43}},"line":139},"15":{"name":"(anonymous_15)","decl":{"start":{"line":141,"column":15},"end":{"line":141,"column":16}},"loc":{"start":{"line":141,"column":21},"end":{"line":141,"column":45}},"line":141},"16":{"name":"(anonymous_16)","decl":{"start":{"line":142,"column":15},"end":{"line":142,"column":16}},"loc":{"start":{"line":142,"column":21},"end":{"line":142,"column":48}},"line":142},"17":{"name":"(anonymous_17)","decl":{"start":{"line":143,"column":15},"end":{"line":143,"column":16}},"loc":{"start":{"line":143,"column":21},"end":{"line":143,"column":46}},"line":143},"18":{"name":"(anonymous_18)","decl":{"start":{"line":144,"column":15},"end":{"line":144,"column":16}},"loc":{"start":{"line":144,"column":21},"end":{"line":144,"column":46}},"line":144},"19":{"name":"(anonymous_19)","decl":{"start":{"line":145,"column":15},"end":{"line":145,"column":16}},"loc":{"start":{"line":145,"column":21},"end":{"line":145,"column":53}},"line":145},"20":{"name":"(anonymous_20)","decl":{"start":{"line":146,"column":15},"end":{"line":146,"column":16}},"loc":{"start":{"line":146,"column":21},"end":{"line":146,"column":48}},"line":146},"21":{"name":"(anonymous_21)","decl":{"start":{"line":147,"column":15},"end":{"line":147,"column":16}},"loc":{"start":{"line":147,"column":21},"end":{"line":147,"column":46}},"line":147},"22":{"name":"(anonymous_22)","decl":{"start":{"line":148,"column":15},"end":{"line":148,"column":16}},"loc":{"start":{"line":148,"column":21},"end":{"line":148,"column":51}},"line":148},"23":{"name":"(anonymous_23)","decl":{"start":{"line":150,"column":15},"end":{"line":150,"column":16}},"loc":{"start":{"line":150,"column":21},"end":{"line":150,"column":65}},"line":150},"24":{"name":"(anonymous_24)","decl":{"start":{"line":151,"column":15},"end":{"line":151,"column":16}},"loc":{"start":{"line":151,"column":21},"end":{"line":151,"column":68}},"line":151},"25":{"name":"(anonymous_25)","decl":{"start":{"line":152,"column":15},"end":{"line":152,"column":16}},"loc":{"start":{"line":152,"column":21},"end":{"line":152,"column":66}},"line":152},"26":{"name":"(anonymous_26)","decl":{"start":{"line":153,"column":15},"end":{"line":153,"column":16}},"loc":{"start":{"line":153,"column":21},"end":{"line":153,"column":66}},"line":153},"27":{"name":"(anonymous_27)","decl":{"start":{"line":154,"column":15},"end":{"line":154,"column":16}},"loc":{"start":{"line":154,"column":21},"end":{"line":154,"column":73}},"line":154},"28":{"name":"(anonymous_28)","decl":{"start":{"line":155,"column":15},"end":{"line":155,"column":16}},"loc":{"start":{"line":155,"column":21},"end":{"line":155,"column":68}},"line":155},"29":{"name":"(anonymous_29)","decl":{"start":{"line":156,"column":15},"end":{"line":156,"column":16}},"loc":{"start":{"line":156,"column":21},"end":{"line":156,"column":66}},"line":156},"30":{"name":"(anonymous_30)","decl":{"start":{"line":157,"column":15},"end":{"line":157,"column":16}},"loc":{"start":{"line":157,"column":21},"end":{"line":157,"column":71}},"line":157},"31":{"name":"(anonymous_31)","decl":{"start":{"line":161,"column":14},"end":{"line":161,"column":15}},"loc":{"start":{"line":161,"column":20},"end":{"line":162,"column":34}},"line":161}},"branchMap":{},"s":{"0":1,"1":1,"2":1,"3":1,"4":1,"5":1,"6":1,"7":1,"8":1,"9":1,"10":1,"11":1,"12":1,"13":1,"14":1,"15":1,"16":4,"17":4,"18":4,"19":4,"20":4,"21":4,"22":4,"23":4,"24":4,"25":4,"26":4,"27":4,"28":4,"29":4,"30":4,"31":4,"32":4,"33":4,"34":4,"35":4,"36":4,"37":4,"38":4,"39":4,"40":4,"41":4,"42":4,"43":4,"44":4,"45":4,"46":4,"47":4,"48":1,"49":1,"50":1,"51":1,"52":1,"53":1,"54":1,"55":1,"56":1,"57":1,"58":1,"59":1,"60":1,"61":1,"62":1,"63":0,"64":1,"65":1,"66":1,"67":1,"68":1,"69":1,"70":1,"71":1,"72":1,"73":1,"74":0,"75":1,"76":1,"77":1,"78":1,"79":1,"80":1,"81":1,"82":1,"83":1,"84":1,"85":1,"86":1,"87":1,"88":1,"89":1,"90":1,"91":1,"92":1,"93":1,"94":1,"95":1,"96":1,"97":1,"98":1,"99":1,"100":1,"101":1,"102":1,"103":1,"104":1,"105":1,"106":1,"107":1,"108":1,"109":1,"110":1,"111":1,"112":1,"113":1,"114":1,"115":1,"116":1,"117":1,"118":1,"119":1,"120":1,"121":1,"122":1,"123":1,"124":1,"125":1,"126":1,"127":1,"128":1,"129":1,"130":1,"131":1},"f":{"0":1,"1":1,"2":4,"3":1,"4":1,"5":1,"6":1,"7":1,"8":1,"9":1,"10":1,"11":1,"12":1,"13":1,"14":1,"15":1,"16":1,"17":1,"18":1,"19":1,"20":1,"21":1,"22":1,"23":1,"24":1,"25":1,"26":1,"27":1,"28":1,"29":1,"30":1,"31":1},"b":{},"_coverageSchema":"43e27e138ebf9cfc5966b082cf9a028302ed4184","hash":"236b591eeb29afc625ea24cf39ec830accc6093f","contentHash":"fd1a34ce986a9a6f84e7665fdad25c68dbb70af8afe9960ceeaac5bf1320c1e8"},"/home/adrianzhu/Avarus-App/avarus-api/logic/comment/create-comment/index.js":{"path":"/home/adrianzhu/Avarus-App/avarus-api/logic/comment/create-comment/index.js","statementMap":{"0":{"start":{"line":1,"column":62},"end":{"line":1,"column":84}},"1":{"start":{"line":2,"column":61},"end":{"line":2,"column":83}},"2":{"start":{"line":16,"column":0},"end":{"line":45,"column":1}},"3":{"start":{"line":18,"column":4},"end":{"line":18,"column":27}},"4":{"start":{"line":19,"column":4},"end":{"line":19,"column":45}},"5":{"start":{"line":20,"column":4},"end":{"line":20,"column":88}},"6":{"start":{"line":20,"column":35},"end":{"line":20,"column":88}},"7":{"start":{"line":22,"column":4},"end":{"line":22,"column":34}},"8":{"start":{"line":23,"column":4},"end":{"line":23,"column":59}},"9":{"start":{"line":24,"column":4},"end":{"line":24,"column":102}},"10":{"start":{"line":24,"column":42},"end":{"line":24,"column":102}},"11":{"start":{"line":26,"column":4},"end":{"line":26,"column":25}},"12":{"start":{"line":27,"column":4},"end":{"line":27,"column":41}},"13":{"start":{"line":30,"column":4},"end":{"line":44,"column":8}},"14":{"start":{"line":32,"column":21},"end":{"line":32,"column":50}},"15":{"start":{"line":34,"column":8},"end":{"line":34,"column":84}},"16":{"start":{"line":34,"column":19},"end":{"line":34,"column":84}},"17":{"start":{"line":36,"column":28},"end":{"line":36,"column":71}},"18":{"start":{"line":38,"column":8},"end":{"line":38,"column":105}},"19":{"start":{"line":38,"column":26},"end":{"line":38,"column":105}},"20":{"start":{"line":40,"column":24},"end":{"line":40,"column":110}},"21":{"start":{"line":42,"column":8},"end":{"line":42,"column":22}}},"fnMap":{"0":{"name":"(anonymous_0)","decl":{"start":{"line":16,"column":17},"end":{"line":16,"column":18}},"loc":{"start":{"line":16,"column":56},"end":{"line":45,"column":1}},"line":16},"1":{"name":"(anonymous_1)","decl":{"start":{"line":30,"column":12},"end":{"line":30,"column":13}},"loc":{"start":{"line":30,"column":24},"end":{"line":44,"column":5}},"line":30}},"branchMap":{"0":{"loc":{"start":{"line":20,"column":4},"end":{"line":20,"column":88}},"type":"if","locations":[{"start":{"line":20,"column":4},"end":{"line":20,"column":88}},{"start":{"line":20,"column":4},"end":{"line":20,"column":88}}],"line":20},"1":{"loc":{"start":{"line":24,"column":4},"end":{"line":24,"column":102}},"type":"if","locations":[{"start":{"line":24,"column":4},"end":{"line":24,"column":102}},{"start":{"line":24,"column":4},"end":{"line":24,"column":102}}],"line":24},"2":{"loc":{"start":{"line":34,"column":8},"end":{"line":34,"column":84}},"type":"if","locations":[{"start":{"line":34,"column":8},"end":{"line":34,"column":84}},{"start":{"line":34,"column":8},"end":{"line":34,"column":84}}],"line":34},"3":{"loc":{"start":{"line":38,"column":8},"end":{"line":38,"column":105}},"type":"if","locations":[{"start":{"line":38,"column":8},"end":{"line":38,"column":105}},{"start":{"line":38,"column":8},"end":{"line":38,"column":105}}],"line":38}},"s":{"0":1,"1":1,"2":1,"3":27,"4":21,"5":19,"6":0,"7":19,"8":13,"9":11,"10":0,"11":11,"12":5,"13":3,"14":3,"15":3,"16":1,"17":2,"18":2,"19":1,"20":1,"21":1},"f":{"0":27,"1":3},"b":{"0":[0,19],"1":[0,11],"2":[1,2],"3":[1,1]},"_coverageSchema":"43e27e138ebf9cfc5966b082cf9a028302ed4184","hash":"30097a6ef182926401b4c02c1cd5f269e685f6a4","contentHash":"82e03e6104b1e280c243df58715e1804845c02beb03ef6ad14c4243e89facd6e"},"/home/adrianzhu/Avarus-App/avarus-api/logic/comment/delete-comment/index.spec.js":{"path":"/home/adrianzhu/Avarus-App/avarus-api/logic/comment/delete-comment/index.spec.js","statementMap":{"0":{"start":{"line":1,"column":0},"end":{"line":1,"column":26}},"1":{"start":{"line":2,"column":32},"end":{"line":2,"column":39}},"2":{"start":{"line":3,"column":19},"end":{"line":3,"column":34}},"3":{"start":{"line":4,"column":22},"end":{"line":4,"column":34}},"4":{"start":{"line":5,"column":26},"end":{"line":5,"column":30}},"5":{"start":{"line":6,"column":51},"end":{"line":6,"column":73}},"6":{"start":{"line":7,"column":87},"end":{"line":7,"column":109}},"7":{"start":{"line":8,"column":15},"end":{"line":8,"column":34}},"8":{"start":{"line":10,"column":0},"end":{"line":123,"column":2}},"9":{"start":{"line":12,"column":4},"end":{"line":12,"column":47}},"10":{"start":{"line":12,"column":17},"end":{"line":12,"column":46}},"11":{"start":{"line":19,"column":16},"end":{"line":19,"column":46}},"12":{"start":{"line":20,"column":18},"end":{"line":20,"column":44}},"13":{"start":{"line":21,"column":21},"end":{"line":21,"column":79}},"14":{"start":{"line":22,"column":15},"end":{"line":22,"column":34}},"15":{"start":{"line":25,"column":8},"end":{"line":74,"column":10}},"16":{"start":{"line":27,"column":12},"end":{"line":27,"column":118}},"17":{"start":{"line":29,"column":12},"end":{"line":29,"column":48}},"18":{"start":{"line":30,"column":12},"end":{"line":30,"column":45}},"19":{"start":{"line":31,"column":12},"end":{"line":31,"column":64}},"20":{"start":{"line":32,"column":12},"end":{"line":32,"column":25}},"21":{"start":{"line":33,"column":12},"end":{"line":33,"column":29}},"22":{"start":{"line":35,"column":25},"end":{"line":35,"column":146}},"23":{"start":{"line":37,"column":12},"end":{"line":37,"column":28}},"24":{"start":{"line":38,"column":12},"end":{"line":38,"column":29}},"25":{"start":{"line":40,"column":12},"end":{"line":40,"column":44}},"26":{"start":{"line":41,"column":12},"end":{"line":41,"column":51}},"27":{"start":{"line":42,"column":12},"end":{"line":42,"column":56}},"28":{"start":{"line":43,"column":12},"end":{"line":43,"column":62}},"29":{"start":{"line":44,"column":12},"end":{"line":44,"column":70}},"30":{"start":{"line":45,"column":12},"end":{"line":45,"column":51}},"31":{"start":{"line":46,"column":12},"end":{"line":46,"column":39}},"32":{"start":{"line":47,"column":12},"end":{"line":47,"column":23}},"33":{"start":{"line":48,"column":28},"end":{"line":48,"column":133}},"34":{"start":{"line":49,"column":12},"end":{"line":49,"column":34}},"35":{"start":{"line":50,"column":12},"end":{"line":50,"column":39}},"36":{"start":{"line":51,"column":12},"end":{"line":51,"column":32}},"37":{"start":{"line":52,"column":26},"end":{"line":52,"column":76}},"38":{"start":{"line":54,"column":12},"end":{"line":54,"column":30}},"39":{"start":{"line":55,"column":12},"end":{"line":55,"column":38}},"40":{"start":{"line":56,"column":12},"end":{"line":56,"column":32}},"41":{"start":{"line":57,"column":12},"end":{"line":57,"column":32}},"42":{"start":{"line":58,"column":12},"end":{"line":58,"column":45}},"43":{"start":{"line":59,"column":12},"end":{"line":59,"column":37}},"44":{"start":{"line":60,"column":12},"end":{"line":60,"column":38}},"45":{"start":{"line":62,"column":32},"end":{"line":62,"column":157}},"46":{"start":{"line":64,"column":12},"end":{"line":64,"column":47}},"47":{"start":{"line":66,"column":12},"end":{"line":66,"column":36}},"48":{"start":{"line":68,"column":28},"end":{"line":68,"column":119}},"49":{"start":{"line":70,"column":12},"end":{"line":70,"column":34}},"50":{"start":{"line":72,"column":12},"end":{"line":72,"column":32}},"51":{"start":{"line":76,"column":8},"end":{"line":84,"column":10}},"52":{"start":{"line":78,"column":12},"end":{"line":78,"column":42}},"53":{"start":{"line":80,"column":40},"end":{"line":80,"column":73}},"54":{"start":{"line":82,"column":12},"end":{"line":82,"column":52}},"55":{"start":{"line":86,"column":8},"end":{"line":105,"column":10}},"56":{"start":{"line":88,"column":35},"end":{"line":88,"column":56}},"57":{"start":{"line":90,"column":12},"end":{"line":103,"column":13}},"58":{"start":{"line":91,"column":16},"end":{"line":91,"column":51}},"59":{"start":{"line":93,"column":16},"end":{"line":93,"column":58}},"60":{"start":{"line":96,"column":16},"end":{"line":96,"column":38}},"61":{"start":{"line":97,"column":16},"end":{"line":97,"column":46}},"62":{"start":{"line":98,"column":16},"end":{"line":98,"column":63}},"63":{"start":{"line":99,"column":16},"end":{"line":99,"column":65}},"64":{"start":{"line":100,"column":16},"end":{"line":100,"column":99}},"65":{"start":{"line":101,"column":16},"end":{"line":101,"column":64}},"66":{"start":{"line":108,"column":4},"end":{"line":119,"column":6}},"67":{"start":{"line":110,"column":8},"end":{"line":110,"column":79}},"68":{"start":{"line":110,"column":21},"end":{"line":110,"column":37}},"69":{"start":{"line":111,"column":8},"end":{"line":111,"column":85}},"70":{"start":{"line":111,"column":21},"end":{"line":111,"column":40}},"71":{"start":{"line":112,"column":8},"end":{"line":112,"column":79}},"72":{"start":{"line":112,"column":21},"end":{"line":112,"column":38}},"73":{"start":{"line":113,"column":8},"end":{"line":113,"column":94}},"74":{"start":{"line":113,"column":21},"end":{"line":113,"column":38}},"75":{"start":{"line":114,"column":8},"end":{"line":114,"column":95}},"76":{"start":{"line":114,"column":21},"end":{"line":114,"column":45}},"77":{"start":{"line":115,"column":8},"end":{"line":115,"column":85}},"78":{"start":{"line":115,"column":21},"end":{"line":115,"column":40}},"79":{"start":{"line":116,"column":8},"end":{"line":116,"column":93}},"80":{"start":{"line":116,"column":21},"end":{"line":116,"column":38}},"81":{"start":{"line":117,"column":8},"end":{"line":117,"column":98}},"82":{"start":{"line":117,"column":21},"end":{"line":117,"column":43}},"83":{"start":{"line":121,"column":8},"end":{"line":122,"column":35}},"84":{"start":{"line":121,"column":20},"end":{"line":122,"column":34}}},"fnMap":{"0":{"name":"(anonymous_0)","decl":{"start":{"line":10,"column":35},"end":{"line":10,"column":36}},"loc":{"start":{"line":10,"column":41},"end":{"line":123,"column":1}},"line":10},"1":{"name":"(anonymous_1)","decl":{"start":{"line":12,"column":11},"end":{"line":12,"column":12}},"loc":{"start":{"line":12,"column":17},"end":{"line":12,"column":46}},"line":12},"2":{"name":"(anonymous_2)","decl":{"start":{"line":25,"column":19},"end":{"line":25,"column":20}},"loc":{"start":{"line":25,"column":31},"end":{"line":74,"column":9}},"line":25},"3":{"name":"(anonymous_3)","decl":{"start":{"line":76,"column":76},"end":{"line":76,"column":77}},"loc":{"start":{"line":76,"column":88},"end":{"line":84,"column":9}},"line":76},"4":{"name":"(anonymous_4)","decl":{"start":{"line":86,"column":50},"end":{"line":86,"column":51}},"loc":{"start":{"line":86,"column":62},"end":{"line":105,"column":9}},"line":86},"5":{"name":"(anonymous_5)","decl":{"start":{"line":108,"column":99},"end":{"line":108,"column":100}},"loc":{"start":{"line":108,"column":105},"end":{"line":119,"column":5}},"line":108},"6":{"name":"(anonymous_6)","decl":{"start":{"line":110,"column":15},"end":{"line":110,"column":16}},"loc":{"start":{"line":110,"column":21},"end":{"line":110,"column":37}},"line":110},"7":{"name":"(anonymous_7)","decl":{"start":{"line":111,"column":15},"end":{"line":111,"column":16}},"loc":{"start":{"line":111,"column":21},"end":{"line":111,"column":40}},"line":111},"8":{"name":"(anonymous_8)","decl":{"start":{"line":112,"column":15},"end":{"line":112,"column":16}},"loc":{"start":{"line":112,"column":21},"end":{"line":112,"column":38}},"line":112},"9":{"name":"(anonymous_9)","decl":{"start":{"line":113,"column":15},"end":{"line":113,"column":16}},"loc":{"start":{"line":113,"column":21},"end":{"line":113,"column":38}},"line":113},"10":{"name":"(anonymous_10)","decl":{"start":{"line":114,"column":15},"end":{"line":114,"column":16}},"loc":{"start":{"line":114,"column":21},"end":{"line":114,"column":45}},"line":114},"11":{"name":"(anonymous_11)","decl":{"start":{"line":115,"column":15},"end":{"line":115,"column":16}},"loc":{"start":{"line":115,"column":21},"end":{"line":115,"column":40}},"line":115},"12":{"name":"(anonymous_12)","decl":{"start":{"line":116,"column":15},"end":{"line":116,"column":16}},"loc":{"start":{"line":116,"column":21},"end":{"line":116,"column":38}},"line":116},"13":{"name":"(anonymous_13)","decl":{"start":{"line":117,"column":15},"end":{"line":117,"column":16}},"loc":{"start":{"line":117,"column":21},"end":{"line":117,"column":43}},"line":117},"14":{"name":"(anonymous_14)","decl":{"start":{"line":121,"column":14},"end":{"line":121,"column":15}},"loc":{"start":{"line":121,"column":20},"end":{"line":122,"column":34}},"line":121}},"branchMap":{},"s":{"0":1,"1":1,"2":1,"3":1,"4":1,"5":1,"6":1,"7":1,"8":1,"9":1,"10":1,"11":1,"12":1,"13":1,"14":1,"15":1,"16":3,"17":3,"18":3,"19":3,"20":3,"21":3,"22":3,"23":3,"24":3,"25":3,"26":3,"27":3,"28":3,"29":3,"30":3,"31":3,"32":3,"33":3,"34":3,"35":3,"36":3,"37":3,"38":3,"39":3,"40":3,"41":3,"42":3,"43":3,"44":3,"45":3,"46":3,"47":3,"48":3,"49":3,"50":3,"51":1,"52":1,"53":1,"54":1,"55":1,"56":1,"57":1,"58":1,"59":0,"60":1,"61":1,"62":1,"63":1,"64":1,"65":1,"66":1,"67":1,"68":1,"69":1,"70":1,"71":1,"72":1,"73":1,"74":1,"75":1,"76":1,"77":1,"78":1,"79":1,"80":1,"81":1,"82":1,"83":1,"84":1},"f":{"0":1,"1":1,"2":3,"3":1,"4":1,"5":1,"6":1,"7":1,"8":1,"9":1,"10":1,"11":1,"12":1,"13":1,"14":1},"b":{},"_coverageSchema":"43e27e138ebf9cfc5966b082cf9a028302ed4184","hash":"82239d0fb1d29e3dfc8b9104d7a928d8f667de3d","contentHash":"6a313d86d77b87d171d1a2e6ab7fcf7533389e1c572014e7cd04c7ece231578a"},"/home/adrianzhu/Avarus-App/avarus-api/logic/comment/delete-comment/index.js":{"path":"/home/adrianzhu/Avarus-App/avarus-api/logic/comment/delete-comment/index.js","statementMap":{"0":{"start":{"line":1,"column":62},"end":{"line":1,"column":84}},"1":{"start":{"line":2,"column":42},"end":{"line":2,"column":64}},"2":{"start":{"line":14,"column":0},"end":{"line":32,"column":1}},"3":{"start":{"line":16,"column":4},"end":{"line":16,"column":30}},"4":{"start":{"line":17,"column":4},"end":{"line":17,"column":51}},"5":{"start":{"line":18,"column":4},"end":{"line":18,"column":94}},"6":{"start":{"line":18,"column":38},"end":{"line":18,"column":94}},"7":{"start":{"line":20,"column":4},"end":{"line":31,"column":8}},"8":{"start":{"line":23,"column":24},"end":{"line":23,"column":57}},"9":{"start":{"line":24,"column":8},"end":{"line":24,"column":92}},"10":{"start":{"line":24,"column":21},"end":{"line":24,"column":92}},"11":{"start":{"line":26,"column":8},"end":{"line":26,"column":50}},"12":{"start":{"line":28,"column":38},"end":{"line":28,"column":71}},"13":{"start":{"line":29,"column":8},"end":{"line":29,"column":78}},"14":{"start":{"line":29,"column":35},"end":{"line":29,"column":78}}},"fnMap":{"0":{"name":"(anonymous_0)","decl":{"start":{"line":14,"column":17},"end":{"line":14,"column":18}},"loc":{"start":{"line":14,"column":38},"end":{"line":32,"column":1}},"line":14},"1":{"name":"(anonymous_1)","decl":{"start":{"line":20,"column":12},"end":{"line":20,"column":13}},"loc":{"start":{"line":20,"column":24},"end":{"line":31,"column":5}},"line":20}},"branchMap":{"0":{"loc":{"start":{"line":18,"column":4},"end":{"line":18,"column":94}},"type":"if","locations":[{"start":{"line":18,"column":4},"end":{"line":18,"column":94}},{"start":{"line":18,"column":4},"end":{"line":18,"column":94}}],"line":18},"1":{"loc":{"start":{"line":24,"column":8},"end":{"line":24,"column":92}},"type":"if","locations":[{"start":{"line":24,"column":8},"end":{"line":24,"column":92}},{"start":{"line":24,"column":8},"end":{"line":24,"column":92}}],"line":24},"2":{"loc":{"start":{"line":29,"column":8},"end":{"line":29,"column":78}},"type":"if","locations":[{"start":{"line":29,"column":8},"end":{"line":29,"column":78}},{"start":{"line":29,"column":8},"end":{"line":29,"column":78}}],"line":29}},"s":{"0":1,"1":1,"2":1,"3":10,"4":4,"5":2,"6":0,"7":2,"8":2,"9":2,"10":1,"11":1,"12":1,"13":1,"14":0},"f":{"0":10,"1":2},"b":{"0":[0,2],"1":[1,1],"2":[0,1]},"_coverageSchema":"43e27e138ebf9cfc5966b082cf9a028302ed4184","hash":"c30a34fcf60ad2aec5b806f0e43eb0afcfb9c76c","contentHash":"63dbac71db2de5e81abf23532612805c3e95ad21139a61c01eea3bc4ee3dc534"},"/home/adrianzhu/Avarus-App/avarus-api/logic/comment/edit-comment/index.spec.js":{"path":"/home/adrianzhu/Avarus-App/avarus-api/logic/comment/edit-comment/index.spec.js","statementMap":{"0":{"start":{"line":1,"column":0},"end":{"line":1,"column":26}},"1":{"start":{"line":2,"column":32},"end":{"line":2,"column":39}},"2":{"start":{"line":3,"column":19},"end":{"line":3,"column":34}},"3":{"start":{"line":4,"column":20},"end":{"line":4,"column":32}},"4":{"start":{"line":5,"column":26},"end":{"line":5,"column":30}},"5":{"start":{"line":6,"column":51},"end":{"line":6,"column":73}},"6":{"start":{"line":7,"column":87},"end":{"line":7,"column":109}},"7":{"start":{"line":8,"column":15},"end":{"line":8,"column":34}},"8":{"start":{"line":10,"column":0},"end":{"line":138,"column":2}},"9":{"start":{"line":12,"column":4},"end":{"line":12,"column":47}},"10":{"start":{"line":12,"column":17},"end":{"line":12,"column":46}},"11":{"start":{"line":19,"column":16},"end":{"line":19,"column":46}},"12":{"start":{"line":20,"column":18},"end":{"line":20,"column":44}},"13":{"start":{"line":21,"column":21},"end":{"line":21,"column":79}},"14":{"start":{"line":22,"column":15},"end":{"line":22,"column":34}},"15":{"start":{"line":23,"column":18},"end":{"line":23,"column":41}},"16":{"start":{"line":26,"column":8},"end":{"line":75,"column":10}},"17":{"start":{"line":28,"column":12},"end":{"line":28,"column":118}},"18":{"start":{"line":30,"column":12},"end":{"line":30,"column":48}},"19":{"start":{"line":31,"column":12},"end":{"line":31,"column":45}},"20":{"start":{"line":32,"column":12},"end":{"line":32,"column":64}},"21":{"start":{"line":33,"column":12},"end":{"line":33,"column":25}},"22":{"start":{"line":34,"column":12},"end":{"line":34,"column":29}},"23":{"start":{"line":36,"column":25},"end":{"line":36,"column":146}},"24":{"start":{"line":38,"column":12},"end":{"line":38,"column":28}},"25":{"start":{"line":39,"column":12},"end":{"line":39,"column":29}},"26":{"start":{"line":41,"column":12},"end":{"line":41,"column":44}},"27":{"start":{"line":42,"column":12},"end":{"line":42,"column":51}},"28":{"start":{"line":43,"column":12},"end":{"line":43,"column":56}},"29":{"start":{"line":44,"column":12},"end":{"line":44,"column":62}},"30":{"start":{"line":45,"column":12},"end":{"line":45,"column":70}},"31":{"start":{"line":46,"column":12},"end":{"line":46,"column":51}},"32":{"start":{"line":47,"column":12},"end":{"line":47,"column":39}},"33":{"start":{"line":48,"column":12},"end":{"line":48,"column":23}},"34":{"start":{"line":49,"column":28},"end":{"line":49,"column":133}},"35":{"start":{"line":50,"column":12},"end":{"line":50,"column":34}},"36":{"start":{"line":51,"column":12},"end":{"line":51,"column":39}},"37":{"start":{"line":52,"column":12},"end":{"line":52,"column":32}},"38":{"start":{"line":53,"column":26},"end":{"line":53,"column":76}},"39":{"start":{"line":55,"column":12},"end":{"line":55,"column":30}},"40":{"start":{"line":56,"column":12},"end":{"line":56,"column":38}},"41":{"start":{"line":57,"column":12},"end":{"line":57,"column":32}},"42":{"start":{"line":58,"column":12},"end":{"line":58,"column":32}},"43":{"start":{"line":59,"column":12},"end":{"line":59,"column":45}},"44":{"start":{"line":60,"column":12},"end":{"line":60,"column":37}},"45":{"start":{"line":61,"column":12},"end":{"line":61,"column":38}},"46":{"start":{"line":63,"column":32},"end":{"line":63,"column":157}},"47":{"start":{"line":65,"column":12},"end":{"line":65,"column":47}},"48":{"start":{"line":67,"column":12},"end":{"line":67,"column":36}},"49":{"start":{"line":69,"column":28},"end":{"line":69,"column":119}},"50":{"start":{"line":71,"column":12},"end":{"line":71,"column":34}},"51":{"start":{"line":73,"column":12},"end":{"line":73,"column":32}},"52":{"start":{"line":77,"column":8},"end":{"line":86,"column":10}},"53":{"start":{"line":79,"column":12},"end":{"line":79,"column":49}},"54":{"start":{"line":81,"column":38},"end":{"line":81,"column":71}},"55":{"start":{"line":83,"column":12},"end":{"line":83,"column":46}},"56":{"start":{"line":84,"column":12},"end":{"line":84,"column":60}},"57":{"start":{"line":88,"column":8},"end":{"line":109,"column":10}},"58":{"start":{"line":90,"column":35},"end":{"line":90,"column":56}},"59":{"start":{"line":92,"column":12},"end":{"line":92,"column":20}},"60":{"start":{"line":94,"column":12},"end":{"line":107,"column":13}},"61":{"start":{"line":95,"column":16},"end":{"line":95,"column":70}},"62":{"start":{"line":97,"column":16},"end":{"line":97,"column":58}},"63":{"start":{"line":100,"column":16},"end":{"line":100,"column":38}},"64":{"start":{"line":101,"column":16},"end":{"line":101,"column":46}},"65":{"start":{"line":102,"column":16},"end":{"line":102,"column":63}},"66":{"start":{"line":103,"column":16},"end":{"line":103,"column":65}},"67":{"start":{"line":104,"column":16},"end":{"line":104,"column":99}},"68":{"start":{"line":105,"column":16},"end":{"line":105,"column":64}},"69":{"start":{"line":112,"column":4},"end":{"line":134,"column":6}},"70":{"start":{"line":114,"column":8},"end":{"line":114,"column":77}},"71":{"start":{"line":114,"column":21},"end":{"line":114,"column":35}},"72":{"start":{"line":115,"column":8},"end":{"line":115,"column":83}},"73":{"start":{"line":115,"column":21},"end":{"line":115,"column":38}},"74":{"start":{"line":116,"column":8},"end":{"line":116,"column":77}},"75":{"start":{"line":116,"column":21},"end":{"line":116,"column":36}},"76":{"start":{"line":117,"column":8},"end":{"line":117,"column":92}},"77":{"start":{"line":117,"column":21},"end":{"line":117,"column":36}},"78":{"start":{"line":118,"column":8},"end":{"line":118,"column":93}},"79":{"start":{"line":118,"column":21},"end":{"line":118,"column":43}},"80":{"start":{"line":119,"column":8},"end":{"line":119,"column":83}},"81":{"start":{"line":119,"column":21},"end":{"line":119,"column":38}},"82":{"start":{"line":120,"column":8},"end":{"line":120,"column":91}},"83":{"start":{"line":120,"column":21},"end":{"line":120,"column":36}},"84":{"start":{"line":121,"column":8},"end":{"line":121,"column":96}},"85":{"start":{"line":121,"column":21},"end":{"line":121,"column":41}},"86":{"start":{"line":123,"column":8},"end":{"line":123,"column":88}},"87":{"start":{"line":123,"column":21},"end":{"line":123,"column":46}},"88":{"start":{"line":124,"column":8},"end":{"line":124,"column":94}},"89":{"start":{"line":124,"column":21},"end":{"line":124,"column":49}},"90":{"start":{"line":125,"column":8},"end":{"line":125,"column":88}},"91":{"start":{"line":125,"column":21},"end":{"line":125,"column":47}},"92":{"start":{"line":126,"column":8},"end":{"line":126,"column":103}},"93":{"start":{"line":126,"column":21},"end":{"line":126,"column":47}},"94":{"start":{"line":127,"column":8},"end":{"line":127,"column":104}},"95":{"start":{"line":127,"column":21},"end":{"line":127,"column":54}},"96":{"start":{"line":128,"column":8},"end":{"line":128,"column":94}},"97":{"start":{"line":128,"column":21},"end":{"line":128,"column":49}},"98":{"start":{"line":129,"column":8},"end":{"line":129,"column":100}},"99":{"start":{"line":129,"column":21},"end":{"line":129,"column":47}},"100":{"start":{"line":130,"column":8},"end":{"line":130,"column":105}},"101":{"start":{"line":130,"column":21},"end":{"line":130,"column":52}},"102":{"start":{"line":136,"column":8},"end":{"line":137,"column":35}},"103":{"start":{"line":136,"column":20},"end":{"line":137,"column":34}}},"fnMap":{"0":{"name":"(anonymous_0)","decl":{"start":{"line":10,"column":35},"end":{"line":10,"column":36}},"loc":{"start":{"line":10,"column":41},"end":{"line":138,"column":1}},"line":10},"1":{"name":"(anonymous_1)","decl":{"start":{"line":12,"column":11},"end":{"line":12,"column":12}},"loc":{"start":{"line":12,"column":17},"end":{"line":12,"column":46}},"line":12},"2":{"name":"(anonymous_2)","decl":{"start":{"line":26,"column":19},"end":{"line":26,"column":20}},"loc":{"start":{"line":26,"column":31},"end":{"line":75,"column":9}},"line":26},"3":{"name":"(anonymous_3)","decl":{"start":{"line":77,"column":76},"end":{"line":77,"column":77}},"loc":{"start":{"line":77,"column":88},"end":{"line":86,"column":9}},"line":77},"4":{"name":"(anonymous_4)","decl":{"start":{"line":88,"column":50},"end":{"line":88,"column":51}},"loc":{"start":{"line":88,"column":62},"end":{"line":109,"column":9}},"line":88},"5":{"name":"(anonymous_5)","decl":{"start":{"line":112,"column":79},"end":{"line":112,"column":80}},"loc":{"start":{"line":112,"column":85},"end":{"line":134,"column":5}},"line":112},"6":{"name":"(anonymous_6)","decl":{"start":{"line":114,"column":15},"end":{"line":114,"column":16}},"loc":{"start":{"line":114,"column":21},"end":{"line":114,"column":35}},"line":114},"7":{"name":"(anonymous_7)","decl":{"start":{"line":115,"column":15},"end":{"line":115,"column":16}},"loc":{"start":{"line":115,"column":21},"end":{"line":115,"column":38}},"line":115},"8":{"name":"(anonymous_8)","decl":{"start":{"line":116,"column":15},"end":{"line":116,"column":16}},"loc":{"start":{"line":116,"column":21},"end":{"line":116,"column":36}},"line":116},"9":{"name":"(anonymous_9)","decl":{"start":{"line":117,"column":15},"end":{"line":117,"column":16}},"loc":{"start":{"line":117,"column":21},"end":{"line":117,"column":36}},"line":117},"10":{"name":"(anonymous_10)","decl":{"start":{"line":118,"column":15},"end":{"line":118,"column":16}},"loc":{"start":{"line":118,"column":21},"end":{"line":118,"column":43}},"line":118},"11":{"name":"(anonymous_11)","decl":{"start":{"line":119,"column":15},"end":{"line":119,"column":16}},"loc":{"start":{"line":119,"column":21},"end":{"line":119,"column":38}},"line":119},"12":{"name":"(anonymous_12)","decl":{"start":{"line":120,"column":15},"end":{"line":120,"column":16}},"loc":{"start":{"line":120,"column":21},"end":{"line":120,"column":36}},"line":120},"13":{"name":"(anonymous_13)","decl":{"start":{"line":121,"column":15},"end":{"line":121,"column":16}},"loc":{"start":{"line":121,"column":21},"end":{"line":121,"column":41}},"line":121},"14":{"name":"(anonymous_14)","decl":{"start":{"line":123,"column":15},"end":{"line":123,"column":16}},"loc":{"start":{"line":123,"column":21},"end":{"line":123,"column":46}},"line":123},"15":{"name":"(anonymous_15)","decl":{"start":{"line":124,"column":15},"end":{"line":124,"column":16}},"loc":{"start":{"line":124,"column":21},"end":{"line":124,"column":49}},"line":124},"16":{"name":"(anonymous_16)","decl":{"start":{"line":125,"column":15},"end":{"line":125,"column":16}},"loc":{"start":{"line":125,"column":21},"end":{"line":125,"column":47}},"line":125},"17":{"name":"(anonymous_17)","decl":{"start":{"line":126,"column":15},"end":{"line":126,"column":16}},"loc":{"start":{"line":126,"column":21},"end":{"line":126,"column":47}},"line":126},"18":{"name":"(anonymous_18)","decl":{"start":{"line":127,"column":15},"end":{"line":127,"column":16}},"loc":{"start":{"line":127,"column":21},"end":{"line":127,"column":54}},"line":127},"19":{"name":"(anonymous_19)","decl":{"start":{"line":128,"column":15},"end":{"line":128,"column":16}},"loc":{"start":{"line":128,"column":21},"end":{"line":128,"column":49}},"line":128},"20":{"name":"(anonymous_20)","decl":{"start":{"line":129,"column":15},"end":{"line":129,"column":16}},"loc":{"start":{"line":129,"column":21},"end":{"line":129,"column":47}},"line":129},"21":{"name":"(anonymous_21)","decl":{"start":{"line":130,"column":15},"end":{"line":130,"column":16}},"loc":{"start":{"line":130,"column":21},"end":{"line":130,"column":52}},"line":130},"22":{"name":"(anonymous_22)","decl":{"start":{"line":136,"column":14},"end":{"line":136,"column":15}},"loc":{"start":{"line":136,"column":20},"end":{"line":137,"column":34}},"line":136}},"branchMap":{},"s":{"0":1,"1":1,"2":1,"3":1,"4":1,"5":1,"6":1,"7":1,"8":1,"9":1,"10":1,"11":1,"12":1,"13":1,"14":1,"15":1,"16":1,"17":3,"18":3,"19":3,"20":3,"21":3,"22":3,"23":3,"24":3,"25":3,"26":3,"27":3,"28":3,"29":3,"30":3,"31":3,"32":3,"33":3,"34":3,"35":3,"36":3,"37":3,"38":3,"39":3,"40":3,"41":3,"42":3,"43":3,"44":3,"45":3,"46":3,"47":3,"48":3,"49":3,"50":3,"51":3,"52":1,"53":1,"54":1,"55":1,"56":1,"57":1,"58":1,"59":1,"60":1,"61":1,"62":0,"63":1,"64":1,"65":1,"66":1,"67":1,"68":1,"69":1,"70":1,"71":1,"72":1,"73":1,"74":1,"75":1,"76":1,"77":1,"78":1,"79":1,"80":1,"81":1,"82":1,"83":1,"84":1,"85":1,"86":1,"87":1,"88":1,"89":1,"90":1,"91":1,"92":1,"93":1,"94":1,"95":1,"96":1,"97":1,"98":1,"99":1,"100":1,"101":1,"102":1,"103":1},"f":{"0":1,"1":1,"2":3,"3":1,"4":1,"5":1,"6":1,"7":1,"8":1,"9":1,"10":1,"11":1,"12":1,"13":1,"14":1,"15":1,"16":1,"17":1,"18":1,"19":1,"20":1,"21":1,"22":1},"b":{},"_coverageSchema":"43e27e138ebf9cfc5966b082cf9a028302ed4184","hash":"ce4092e3f123f3056e347a75cb89d2ae21a12339","contentHash":"24a2f73f1e9b1b1423ed7c14f94f980e88d0aac33ad9a5e8a16c3d18d52820c6"},"/home/adrianzhu/Avarus-App/avarus-api/logic/comment/edit-comment/index.js":{"path":"/home/adrianzhu/Avarus-App/avarus-api/logic/comment/edit-comment/index.js","statementMap":{"0":{"start":{"line":1,"column":62},"end":{"line":1,"column":84}},"1":{"start":{"line":2,"column":42},"end":{"line":2,"column":64}},"2":{"start":{"line":15,"column":0},"end":{"line":35,"column":1}},"3":{"start":{"line":16,"column":4},"end":{"line":16,"column":30}},"4":{"start":{"line":17,"column":4},"end":{"line":17,"column":51}},"5":{"start":{"line":18,"column":4},"end":{"line":18,"column":94}},"6":{"start":{"line":18,"column":38},"end":{"line":18,"column":94}},"7":{"start":{"line":19,"column":4},"end":{"line":19,"column":28}},"8":{"start":{"line":20,"column":4},"end":{"line":20,"column":47}},"9":{"start":{"line":22,"column":4},"end":{"line":34,"column":8}},"10":{"start":{"line":24,"column":24},"end":{"line":24,"column":57}},"11":{"start":{"line":25,"column":8},"end":{"line":25,"column":92}},"12":{"start":{"line":25,"column":21},"end":{"line":25,"column":92}},"13":{"start":{"line":26,"column":21},"end":{"line":26,"column":23}},"14":{"start":{"line":27,"column":8},"end":{"line":27,"column":29}},"15":{"start":{"line":28,"column":8},"end":{"line":28,"column":30}},"16":{"start":{"line":30,"column":8},"end":{"line":30,"column":65}},"17":{"start":{"line":32,"column":8},"end":{"line":32,"column":22}}},"fnMap":{"0":{"name":"(anonymous_0)","decl":{"start":{"line":15,"column":17},"end":{"line":15,"column":18}},"loc":{"start":{"line":15,"column":47},"end":{"line":35,"column":1}},"line":15},"1":{"name":"(anonymous_1)","decl":{"start":{"line":22,"column":12},"end":{"line":22,"column":13}},"loc":{"start":{"line":22,"column":24},"end":{"line":34,"column":5}},"line":22}},"branchMap":{"0":{"loc":{"start":{"line":18,"column":4},"end":{"line":18,"column":94}},"type":"if","locations":[{"start":{"line":18,"column":4},"end":{"line":18,"column":94}},{"start":{"line":18,"column":4},"end":{"line":18,"column":94}}],"line":18},"1":{"loc":{"start":{"line":25,"column":8},"end":{"line":25,"column":92}},"type":"if","locations":[{"start":{"line":25,"column":8},"end":{"line":25,"column":92}},{"start":{"line":25,"column":8},"end":{"line":25,"column":92}}],"line":25}},"s":{"0":1,"1":1,"2":1,"3":18,"4":12,"5":10,"6":0,"7":10,"8":4,"9":2,"10":2,"11":2,"12":1,"13":1,"14":1,"15":1,"16":1,"17":1},"f":{"0":18,"1":2},"b":{"0":[0,10],"1":[1,1]},"_coverageSchema":"43e27e138ebf9cfc5966b082cf9a028302ed4184","hash":"46124dbdec3291de1a7e6d80bcc42ff7b9d87840","contentHash":"5e62b276a5a92ec266388ca81b13a975b324374c72a02d152635af18aefd0c3a"},"/home/adrianzhu/Avarus-App/avarus-api/logic/comment/retrieve-comments/index.spec.js":{"path":"/home/adrianzhu/Avarus-App/avarus-api/logic/comment/retrieve-comments/index.spec.js","statementMap":{"0":{"start":{"line":1,"column":0},"end":{"line":1,"column":26}},"1":{"start":{"line":2,"column":32},"end":{"line":2,"column":39}},"2":{"start":{"line":3,"column":19},"end":{"line":3,"column":34}},"3":{"start":{"line":4,"column":25},"end":{"line":4,"column":37}},"4":{"start":{"line":5,"column":26},"end":{"line":5,"column":30}},"5":{"start":{"line":6,"column":51},"end":{"line":6,"column":73}},"6":{"start":{"line":7,"column":87},"end":{"line":7,"column":109}},"7":{"start":{"line":8,"column":15},"end":{"line":8,"column":34}},"8":{"start":{"line":10,"column":0},"end":{"line":185,"column":2}},"9":{"start":{"line":12,"column":4},"end":{"line":12,"column":47}},"10":{"start":{"line":12,"column":17},"end":{"line":12,"column":46}},"11":{"start":{"line":20,"column":16},"end":{"line":20,"column":46}},"12":{"start":{"line":21,"column":18},"end":{"line":21,"column":44}},"13":{"start":{"line":22,"column":21},"end":{"line":22,"column":79}},"14":{"start":{"line":23,"column":15},"end":{"line":23,"column":34}},"15":{"start":{"line":26,"column":8},"end":{"line":91,"column":10}},"16":{"start":{"line":28,"column":12},"end":{"line":28,"column":118}},"17":{"start":{"line":30,"column":12},"end":{"line":30,"column":48}},"18":{"start":{"line":31,"column":12},"end":{"line":31,"column":45}},"19":{"start":{"line":32,"column":12},"end":{"line":32,"column":64}},"20":{"start":{"line":33,"column":12},"end":{"line":33,"column":25}},"21":{"start":{"line":34,"column":12},"end":{"line":34,"column":29}},"22":{"start":{"line":36,"column":25},"end":{"line":36,"column":146}},"23":{"start":{"line":38,"column":12},"end":{"line":38,"column":28}},"24":{"start":{"line":39,"column":12},"end":{"line":39,"column":29}},"25":{"start":{"line":41,"column":12},"end":{"line":41,"column":50}},"26":{"start":{"line":42,"column":12},"end":{"line":42,"column":47}},"27":{"start":{"line":43,"column":12},"end":{"line":43,"column":67}},"28":{"start":{"line":44,"column":12},"end":{"line":44,"column":26}},"29":{"start":{"line":45,"column":12},"end":{"line":45,"column":30}},"30":{"start":{"line":47,"column":26},"end":{"line":47,"column":154}},"31":{"start":{"line":49,"column":12},"end":{"line":49,"column":30}},"32":{"start":{"line":50,"column":12},"end":{"line":50,"column":30}},"33":{"start":{"line":52,"column":12},"end":{"line":52,"column":44}},"34":{"start":{"line":53,"column":12},"end":{"line":53,"column":51}},"35":{"start":{"line":54,"column":12},"end":{"line":54,"column":56}},"36":{"start":{"line":55,"column":12},"end":{"line":55,"column":62}},"37":{"start":{"line":56,"column":12},"end":{"line":56,"column":70}},"38":{"start":{"line":57,"column":12},"end":{"line":57,"column":51}},"39":{"start":{"line":58,"column":12},"end":{"line":58,"column":39}},"40":{"start":{"line":59,"column":12},"end":{"line":59,"column":23}},"41":{"start":{"line":60,"column":28},"end":{"line":60,"column":133}},"42":{"start":{"line":61,"column":12},"end":{"line":61,"column":34}},"43":{"start":{"line":62,"column":12},"end":{"line":62,"column":39}},"44":{"start":{"line":63,"column":12},"end":{"line":63,"column":32}},"45":{"start":{"line":64,"column":26},"end":{"line":64,"column":76}},"46":{"start":{"line":66,"column":12},"end":{"line":66,"column":30}},"47":{"start":{"line":67,"column":12},"end":{"line":67,"column":38}},"48":{"start":{"line":68,"column":12},"end":{"line":68,"column":32}},"49":{"start":{"line":69,"column":12},"end":{"line":69,"column":32}},"50":{"start":{"line":70,"column":12},"end":{"line":70,"column":45}},"51":{"start":{"line":71,"column":12},"end":{"line":71,"column":37}},"52":{"start":{"line":72,"column":12},"end":{"line":72,"column":38}},"53":{"start":{"line":74,"column":32},"end":{"line":74,"column":157}},"54":{"start":{"line":76,"column":12},"end":{"line":76,"column":47}},"55":{"start":{"line":78,"column":12},"end":{"line":78,"column":36}},"56":{"start":{"line":80,"column":28},"end":{"line":80,"column":119}},"57":{"start":{"line":81,"column":12},"end":{"line":81,"column":32}},"58":{"start":{"line":83,"column":29},"end":{"line":83,"column":120}},"59":{"start":{"line":85,"column":12},"end":{"line":85,"column":33}},"60":{"start":{"line":87,"column":29},"end":{"line":87,"column":121}},"61":{"start":{"line":89,"column":12},"end":{"line":89,"column":33}},"62":{"start":{"line":93,"column":8},"end":{"line":114,"column":10}},"63":{"start":{"line":95,"column":32},"end":{"line":95,"column":82}},"64":{"start":{"line":97,"column":12},"end":{"line":97,"column":40}},"65":{"start":{"line":98,"column":12},"end":{"line":98,"column":48}},"66":{"start":{"line":100,"column":12},"end":{"line":111,"column":14}},"67":{"start":{"line":103,"column":16},"end":{"line":103,"column":57}},"68":{"start":{"line":104,"column":16},"end":{"line":104,"column":65}},"69":{"start":{"line":105,"column":16},"end":{"line":105,"column":64}},"70":{"start":{"line":106,"column":16},"end":{"line":106,"column":84}},"71":{"start":{"line":107,"column":16},"end":{"line":107,"column":57}},"72":{"start":{"line":108,"column":16},"end":{"line":108,"column":52}},"73":{"start":{"line":109,"column":16},"end":{"line":109,"column":65}},"74":{"start":{"line":116,"column":8},"end":{"line":135,"column":10}},"75":{"start":{"line":118,"column":32},"end":{"line":118,"column":53}},"76":{"start":{"line":120,"column":12},"end":{"line":133,"column":13}},"77":{"start":{"line":121,"column":16},"end":{"line":121,"column":71}},"78":{"start":{"line":123,"column":16},"end":{"line":123,"column":58}},"79":{"start":{"line":126,"column":16},"end":{"line":126,"column":38}},"80":{"start":{"line":127,"column":16},"end":{"line":127,"column":46}},"81":{"start":{"line":128,"column":16},"end":{"line":128,"column":63}},"82":{"start":{"line":129,"column":16},"end":{"line":129,"column":65}},"83":{"start":{"line":130,"column":16},"end":{"line":130,"column":93}},"84":{"start":{"line":131,"column":16},"end":{"line":131,"column":64}},"85":{"start":{"line":138,"column":8},"end":{"line":157,"column":10}},"86":{"start":{"line":140,"column":44},"end":{"line":140,"column":65}},"87":{"start":{"line":142,"column":12},"end":{"line":155,"column":13}},"88":{"start":{"line":143,"column":16},"end":{"line":143,"column":71}},"89":{"start":{"line":145,"column":16},"end":{"line":145,"column":58}},"90":{"start":{"line":148,"column":16},"end":{"line":148,"column":38}},"91":{"start":{"line":149,"column":16},"end":{"line":149,"column":46}},"92":{"start":{"line":150,"column":16},"end":{"line":150,"column":63}},"93":{"start":{"line":151,"column":16},"end":{"line":151,"column":65}},"94":{"start":{"line":152,"column":16},"end":{"line":152,"column":112}},"95":{"start":{"line":153,"column":16},"end":{"line":153,"column":64}},"96":{"start":{"line":160,"column":4},"end":{"line":181,"column":6}},"97":{"start":{"line":163,"column":8},"end":{"line":163,"column":82}},"98":{"start":{"line":163,"column":21},"end":{"line":163,"column":40}},"99":{"start":{"line":164,"column":8},"end":{"line":164,"column":88}},"100":{"start":{"line":164,"column":21},"end":{"line":164,"column":43}},"101":{"start":{"line":165,"column":8},"end":{"line":165,"column":82}},"102":{"start":{"line":165,"column":21},"end":{"line":165,"column":41}},"103":{"start":{"line":166,"column":8},"end":{"line":166,"column":97}},"104":{"start":{"line":166,"column":21},"end":{"line":166,"column":41}},"105":{"start":{"line":167,"column":8},"end":{"line":167,"column":98}},"106":{"start":{"line":167,"column":21},"end":{"line":167,"column":48}},"107":{"start":{"line":168,"column":8},"end":{"line":168,"column":88}},"108":{"start":{"line":168,"column":21},"end":{"line":168,"column":43}},"109":{"start":{"line":169,"column":8},"end":{"line":169,"column":93}},"110":{"start":{"line":169,"column":21},"end":{"line":169,"column":41}},"111":{"start":{"line":170,"column":8},"end":{"line":170,"column":98}},"112":{"start":{"line":170,"column":21},"end":{"line":170,"column":46}},"113":{"start":{"line":172,"column":8},"end":{"line":172,"column":90}},"114":{"start":{"line":172,"column":21},"end":{"line":172,"column":48}},"115":{"start":{"line":173,"column":8},"end":{"line":173,"column":96}},"116":{"start":{"line":173,"column":21},"end":{"line":173,"column":51}},"117":{"start":{"line":174,"column":8},"end":{"line":174,"column":90}},"118":{"start":{"line":174,"column":21},"end":{"line":174,"column":49}},"119":{"start":{"line":175,"column":8},"end":{"line":175,"column":105}},"120":{"start":{"line":175,"column":21},"end":{"line":175,"column":49}},"121":{"start":{"line":176,"column":8},"end":{"line":176,"column":106}},"122":{"start":{"line":176,"column":21},"end":{"line":176,"column":56}},"123":{"start":{"line":177,"column":8},"end":{"line":177,"column":96}},"124":{"start":{"line":177,"column":21},"end":{"line":177,"column":51}},"125":{"start":{"line":178,"column":8},"end":{"line":178,"column":108}},"126":{"start":{"line":178,"column":21},"end":{"line":178,"column":49}},"127":{"start":{"line":179,"column":8},"end":{"line":179,"column":113}},"128":{"start":{"line":179,"column":21},"end":{"line":179,"column":54}},"129":{"start":{"line":183,"column":8},"end":{"line":184,"column":35}},"130":{"start":{"line":183,"column":20},"end":{"line":184,"column":34}}},"fnMap":{"0":{"name":"(anonymous_0)","decl":{"start":{"line":10,"column":38},"end":{"line":10,"column":39}},"loc":{"start":{"line":10,"column":44},"end":{"line":185,"column":1}},"line":10},"1":{"name":"(anonymous_1)","decl":{"start":{"line":12,"column":11},"end":{"line":12,"column":12}},"loc":{"start":{"line":12,"column":17},"end":{"line":12,"column":46}},"line":12},"2":{"name":"(anonymous_2)","decl":{"start":{"line":26,"column":19},"end":{"line":26,"column":20}},"loc":{"start":{"line":26,"column":31},"end":{"line":91,"column":9}},"line":26},"3":{"name":"(anonymous_3)","decl":{"start":{"line":93,"column":76},"end":{"line":93,"column":77}},"loc":{"start":{"line":93,"column":88},"end":{"line":114,"column":9}},"line":93},"4":{"name":"(anonymous_4)","decl":{"start":{"line":100,"column":32},"end":{"line":100,"column":33}},"loc":{"start":{"line":100,"column":46},"end":{"line":111,"column":13}},"line":100},"5":{"name":"(anonymous_5)","decl":{"start":{"line":116,"column":71},"end":{"line":116,"column":72}},"loc":{"start":{"line":116,"column":83},"end":{"line":135,"column":9}},"line":116},"6":{"name":"(anonymous_6)","decl":{"start":{"line":138,"column":78},"end":{"line":138,"column":79}},"loc":{"start":{"line":138,"column":90},"end":{"line":157,"column":9}},"line":138},"7":{"name":"(anonymous_7)","decl":{"start":{"line":160,"column":99},"end":{"line":160,"column":100}},"loc":{"start":{"line":160,"column":105},"end":{"line":181,"column":5}},"line":160},"8":{"name":"(anonymous_8)","decl":{"start":{"line":163,"column":15},"end":{"line":163,"column":16}},"loc":{"start":{"line":163,"column":21},"end":{"line":163,"column":40}},"line":163},"9":{"name":"(anonymous_9)","decl":{"start":{"line":164,"column":15},"end":{"line":164,"column":16}},"loc":{"start":{"line":164,"column":21},"end":{"line":164,"column":43}},"line":164},"10":{"name":"(anonymous_10)","decl":{"start":{"line":165,"column":15},"end":{"line":165,"column":16}},"loc":{"start":{"line":165,"column":21},"end":{"line":165,"column":41}},"line":165},"11":{"name":"(anonymous_11)","decl":{"start":{"line":166,"column":15},"end":{"line":166,"column":16}},"loc":{"start":{"line":166,"column":21},"end":{"line":166,"column":41}},"line":166},"12":{"name":"(anonymous_12)","decl":{"start":{"line":167,"column":15},"end":{"line":167,"column":16}},"loc":{"start":{"line":167,"column":21},"end":{"line":167,"column":48}},"line":167},"13":{"name":"(anonymous_13)","decl":{"start":{"line":168,"column":15},"end":{"line":168,"column":16}},"loc":{"start":{"line":168,"column":21},"end":{"line":168,"column":43}},"line":168},"14":{"name":"(anonymous_14)","decl":{"start":{"line":169,"column":15},"end":{"line":169,"column":16}},"loc":{"start":{"line":169,"column":21},"end":{"line":169,"column":41}},"line":169},"15":{"name":"(anonymous_15)","decl":{"start":{"line":170,"column":15},"end":{"line":170,"column":16}},"loc":{"start":{"line":170,"column":21},"end":{"line":170,"column":46}},"line":170},"16":{"name":"(anonymous_16)","decl":{"start":{"line":172,"column":15},"end":{"line":172,"column":16}},"loc":{"start":{"line":172,"column":21},"end":{"line":172,"column":48}},"line":172},"17":{"name":"(anonymous_17)","decl":{"start":{"line":173,"column":15},"end":{"line":173,"column":16}},"loc":{"start":{"line":173,"column":21},"end":{"line":173,"column":51}},"line":173},"18":{"name":"(anonymous_18)","decl":{"start":{"line":174,"column":15},"end":{"line":174,"column":16}},"loc":{"start":{"line":174,"column":21},"end":{"line":174,"column":49}},"line":174},"19":{"name":"(anonymous_19)","decl":{"start":{"line":175,"column":15},"end":{"line":175,"column":16}},"loc":{"start":{"line":175,"column":21},"end":{"line":175,"column":49}},"line":175},"20":{"name":"(anonymous_20)","decl":{"start":{"line":176,"column":15},"end":{"line":176,"column":16}},"loc":{"start":{"line":176,"column":21},"end":{"line":176,"column":56}},"line":176},"21":{"name":"(anonymous_21)","decl":{"start":{"line":177,"column":15},"end":{"line":177,"column":16}},"loc":{"start":{"line":177,"column":21},"end":{"line":177,"column":51}},"line":177},"22":{"name":"(anonymous_22)","decl":{"start":{"line":178,"column":15},"end":{"line":178,"column":16}},"loc":{"start":{"line":178,"column":21},"end":{"line":178,"column":49}},"line":178},"23":{"name":"(anonymous_23)","decl":{"start":{"line":179,"column":15},"end":{"line":179,"column":16}},"loc":{"start":{"line":179,"column":21},"end":{"line":179,"column":54}},"line":179},"24":{"name":"(anonymous_24)","decl":{"start":{"line":183,"column":14},"end":{"line":183,"column":15}},"loc":{"start":{"line":183,"column":20},"end":{"line":184,"column":34}},"line":183}},"branchMap":{},"s":{"0":1,"1":1,"2":1,"3":1,"4":1,"5":1,"6":1,"7":1,"8":1,"9":1,"10":1,"11":1,"12":1,"13":1,"14":1,"15":1,"16":4,"17":4,"18":4,"19":4,"20":4,"21":4,"22":4,"23":4,"24":4,"25":4,"26":4,"27":4,"28":4,"29":4,"30":4,"31":4,"32":4,"33":4,"34":4,"35":4,"36":4,"37":4,"38":4,"39":4,"40":4,"41":4,"42":4,"43":4,"44":4,"45":4,"46":4,"47":4,"48":4,"49":4,"50":4,"51":4,"52":4,"53":4,"54":4,"55":4,"56":4,"57":4,"58":4,"59":4,"60":4,"61":4,"62":1,"63":1,"64":1,"65":1,"66":1,"67":2,"68":2,"69":2,"70":2,"71":2,"72":2,"73":2,"74":1,"75":1,"76":1,"77":1,"78":0,"79":1,"80":1,"81":1,"82":1,"83":1,"84":1,"85":1,"86":1,"87":1,"88":1,"89":0,"90":1,"91":1,"92":1,"93":1,"94":1,"95":1,"96":1,"97":1,"98":1,"99":1,"100":1,"101":1,"102":1,"103":1,"104":1,"105":1,"106":1,"107":1,"108":1,"109":1,"110":1,"111":1,"112":1,"113":1,"114":1,"115":1,"116":1,"117":1,"118":1,"119":1,"120":1,"121":1,"122":1,"123":1,"124":1,"125":1,"126":1,"127":1,"128":1,"129":1,"130":1},"f":{"0":1,"1":1,"2":4,"3":1,"4":2,"5":1,"6":1,"7":1,"8":1,"9":1,"10":1,"11":1,"12":1,"13":1,"14":1,"15":1,"16":1,"17":1,"18":1,"19":1,"20":1,"21":1,"22":1,"23":1,"24":1},"b":{},"_coverageSchema":"43e27e138ebf9cfc5966b082cf9a028302ed4184","hash":"0b7e43dfb2dc2740b99d266f5d9f548e369266ea","contentHash":"fad6a4e9a25a218be02bc77e6ef99f78b36abf038856fea0fbbcdea9ef640543"},"/home/adrianzhu/Avarus-App/avarus-api/logic/comment/retrieve-comments/index.js":{"path":"/home/adrianzhu/Avarus-App/avarus-api/logic/comment/retrieve-comments/index.js","statementMap":{"0":{"start":{"line":1,"column":62},"end":{"line":1,"column":84}},"1":{"start":{"line":2,"column":61},"end":{"line":2,"column":83}},"2":{"start":{"line":3,"column":15},"end":{"line":3,"column":32}},"3":{"start":{"line":16,"column":0},"end":{"line":59,"column":1}},"4":{"start":{"line":18,"column":4},"end":{"line":18,"column":27}},"5":{"start":{"line":19,"column":4},"end":{"line":19,"column":45}},"6":{"start":{"line":20,"column":4},"end":{"line":20,"column":88}},"7":{"start":{"line":20,"column":35},"end":{"line":20,"column":88}},"8":{"start":{"line":22,"column":4},"end":{"line":22,"column":34}},"9":{"start":{"line":23,"column":4},"end":{"line":23,"column":59}},"10":{"start":{"line":24,"column":4},"end":{"line":24,"column":102}},"11":{"start":{"line":24,"column":42},"end":{"line":24,"column":102}},"12":{"start":{"line":27,"column":4},"end":{"line":58,"column":8}},"13":{"start":{"line":29,"column":21},"end":{"line":29,"column":48}},"14":{"start":{"line":31,"column":8},"end":{"line":31,"column":83}},"15":{"start":{"line":31,"column":18},"end":{"line":31,"column":83}},"16":{"start":{"line":33,"column":28},"end":{"line":33,"column":71}},"17":{"start":{"line":35,"column":8},"end":{"line":35,"column":105}},"18":{"start":{"line":35,"column":26},"end":{"line":35,"column":105}},"19":{"start":{"line":37,"column":28},"end":{"line":37,"column":55}},"20":{"start":{"line":39,"column":8},"end":{"line":39,"column":32}},"21":{"start":{"line":41,"column":25},"end":{"line":41,"column":85}},"22":{"start":{"line":44,"column":8},"end":{"line":53,"column":10}},"23":{"start":{"line":46,"column":12},"end":{"line":46,"column":47}},"24":{"start":{"line":47,"column":12},"end":{"line":47,"column":30}},"25":{"start":{"line":48,"column":12},"end":{"line":48,"column":30}},"26":{"start":{"line":49,"column":34},"end":{"line":49,"column":85}},"27":{"start":{"line":50,"column":12},"end":{"line":50,"column":40}},"28":{"start":{"line":52,"column":12},"end":{"line":52,"column":32}},"29":{"start":{"line":55,"column":8},"end":{"line":55,"column":86}},"30":{"start":{"line":55,"column":32},"end":{"line":55,"column":84}},"31":{"start":{"line":57,"column":8},"end":{"line":57,"column":23}}},"fnMap":{"0":{"name":"(anonymous_0)","decl":{"start":{"line":16,"column":17},"end":{"line":16,"column":18}},"loc":{"start":{"line":16,"column":50},"end":{"line":59,"column":1}},"line":16},"1":{"name":"(anonymous_1)","decl":{"start":{"line":27,"column":12},"end":{"line":27,"column":13}},"loc":{"start":{"line":27,"column":24},"end":{"line":58,"column":5}},"line":27},"2":{"name":"(anonymous_2)","decl":{"start":{"line":44,"column":26},"end":{"line":44,"column":27}},"loc":{"start":{"line":44,"column":43},"end":{"line":53,"column":9}},"line":44},"3":{"name":"(anonymous_3)","decl":{"start":{"line":55,"column":22},"end":{"line":55,"column":23}},"loc":{"start":{"line":55,"column":32},"end":{"line":55,"column":84}},"line":55}},"branchMap":{"0":{"loc":{"start":{"line":20,"column":4},"end":{"line":20,"column":88}},"type":"if","locations":[{"start":{"line":20,"column":4},"end":{"line":20,"column":88}},{"start":{"line":20,"column":4},"end":{"line":20,"column":88}}],"line":20},"1":{"loc":{"start":{"line":24,"column":4},"end":{"line":24,"column":102}},"type":"if","locations":[{"start":{"line":24,"column":4},"end":{"line":24,"column":102}},{"start":{"line":24,"column":4},"end":{"line":24,"column":102}}],"line":24},"2":{"loc":{"start":{"line":31,"column":8},"end":{"line":31,"column":83}},"type":"if","locations":[{"start":{"line":31,"column":8},"end":{"line":31,"column":83}},{"start":{"line":31,"column":8},"end":{"line":31,"column":83}}],"line":31},"3":{"loc":{"start":{"line":35,"column":8},"end":{"line":35,"column":105}},"type":"if","locations":[{"start":{"line":35,"column":8},"end":{"line":35,"column":105}},{"start":{"line":35,"column":8},"end":{"line":35,"column":105}}],"line":35},"4":{"loc":{"start":{"line":55,"column":32},"end":{"line":55,"column":84}},"type":"cond-expr","locations":[{"start":{"line":55,"column":52},"end":{"line":55,"column":54}},{"start":{"line":55,"column":58},"end":{"line":55,"column":83}}],"line":55},"5":{"loc":{"start":{"line":55,"column":58},"end":{"line":55,"column":83}},"type":"cond-expr","locations":[{"start":{"line":55,"column":78},"end":{"line":55,"column":79}},{"start":{"line":55,"column":82},"end":{"line":55,"column":83}}],"line":55}},"s":{"0":1,"1":1,"2":1,"3":1,"4":19,"5":13,"6":11,"7":0,"8":11,"9":5,"10":3,"11":0,"12":3,"13":3,"14":3,"15":1,"16":2,"17":2,"18":1,"19":1,"20":1,"21":1,"22":1,"23":2,"24":2,"25":2,"26":2,"27":2,"28":2,"29":1,"30":1,"31":1},"f":{"0":19,"1":3,"2":2,"3":1},"b":{"0":[0,11],"1":[0,3],"2":[1,2],"3":[1,1],"4":[0,1],"5":[0,1]},"_coverageSchema":"43e27e138ebf9cfc5966b082cf9a028302ed4184","hash":"06af0d858b75e643aadf6f13ba2a9700a7597ab8","contentHash":"53f2343dcd38a5b29e9b49946a56c18c3e8b6f6797e9476b00b551e4493e79ef"},"/home/adrianzhu/Avarus-App/avarus-api/logic/company/create-company/index.spec.js":{"path":"/home/adrianzhu/Avarus-App/avarus-api/logic/company/create-company/index.spec.js","statementMap":{"0":{"start":{"line":1,"column":0},"end":{"line":1,"column":26}},"1":{"start":{"line":2,"column":32},"end":{"line":2,"column":39}},"2":{"start":{"line":3,"column":19},"end":{"line":3,"column":34}},"3":{"start":{"line":4,"column":22},"end":{"line":4,"column":34}},"4":{"start":{"line":5,"column":26},"end":{"line":5,"column":30}},"5":{"start":{"line":6,"column":37},"end":{"line":6,"column":59}},"6":{"start":{"line":7,"column":42},"end":{"line":7,"column":64}},"7":{"start":{"line":9,"column":0},"end":{"line":150,"column":2}},"8":{"start":{"line":11,"column":4},"end":{"line":11,"column":47}},"9":{"start":{"line":11,"column":17},"end":{"line":11,"column":46}},"10":{"start":{"line":13,"column":16},"end":{"line":13,"column":46}},"11":{"start":{"line":14,"column":18},"end":{"line":14,"column":44}},"12":{"start":{"line":15,"column":21},"end":{"line":15,"column":79}},"13":{"start":{"line":19,"column":4},"end":{"line":31,"column":6}},"14":{"start":{"line":20,"column":8},"end":{"line":20,"column":33}},"15":{"start":{"line":21,"column":8},"end":{"line":21,"column":47}},"16":{"start":{"line":22,"column":8},"end":{"line":22,"column":52}},"17":{"start":{"line":23,"column":8},"end":{"line":23,"column":58}},"18":{"start":{"line":24,"column":8},"end":{"line":24,"column":66}},"19":{"start":{"line":26,"column":8},"end":{"line":26,"column":47}},"20":{"start":{"line":27,"column":8},"end":{"line":27,"column":35}},"21":{"start":{"line":28,"column":8},"end":{"line":28,"column":19}},"22":{"start":{"line":30,"column":8},"end":{"line":30,"column":35}},"23":{"start":{"line":33,"column":4},"end":{"line":48,"column":6}},"24":{"start":{"line":34,"column":23},"end":{"line":34,"column":112}},"25":{"start":{"line":36,"column":8},"end":{"line":36,"column":35}},"26":{"start":{"line":38,"column":24},"end":{"line":38,"column":55}},"27":{"start":{"line":39,"column":8},"end":{"line":39,"column":32}},"28":{"start":{"line":40,"column":8},"end":{"line":40,"column":43}},"29":{"start":{"line":41,"column":8},"end":{"line":41,"column":57}},"30":{"start":{"line":42,"column":8},"end":{"line":42,"column":43}},"31":{"start":{"line":43,"column":8},"end":{"line":43,"column":47}},"32":{"start":{"line":44,"column":8},"end":{"line":44,"column":51}},"33":{"start":{"line":45,"column":8},"end":{"line":45,"column":53}},"34":{"start":{"line":46,"column":8},"end":{"line":46,"column":45}},"35":{"start":{"line":47,"column":8},"end":{"line":47,"column":39}},"36":{"start":{"line":50,"column":4},"end":{"line":148,"column":6}},"37":{"start":{"line":51,"column":8},"end":{"line":51,"column":114}},"38":{"start":{"line":51,"column":25},"end":{"line":51,"column":113}},"39":{"start":{"line":53,"column":8},"end":{"line":66,"column":10}},"40":{"start":{"line":54,"column":10},"end":{"line":65,"column":11}},"41":{"start":{"line":55,"column":12},"end":{"line":55,"column":103}},"42":{"start":{"line":57,"column":12},"end":{"line":57,"column":54}},"43":{"start":{"line":59,"column":12},"end":{"line":59,"column":34}},"44":{"start":{"line":61,"column":12},"end":{"line":61,"column":42}},"45":{"start":{"line":62,"column":12},"end":{"line":62,"column":59}},"46":{"start":{"line":63,"column":12},"end":{"line":63,"column":61}},"47":{"start":{"line":64,"column":12},"end":{"line":64,"column":86}},"48":{"start":{"line":69,"column":8},"end":{"line":147,"column":10}},"49":{"start":{"line":73,"column":12},"end":{"line":73,"column":83}},"50":{"start":{"line":73,"column":25},"end":{"line":73,"column":41}},"51":{"start":{"line":74,"column":12},"end":{"line":74,"column":89}},"52":{"start":{"line":74,"column":25},"end":{"line":74,"column":44}},"53":{"start":{"line":75,"column":12},"end":{"line":75,"column":83}},"54":{"start":{"line":75,"column":25},"end":{"line":75,"column":42}},"55":{"start":{"line":76,"column":12},"end":{"line":76,"column":98}},"56":{"start":{"line":76,"column":25},"end":{"line":76,"column":42}},"57":{"start":{"line":77,"column":12},"end":{"line":77,"column":99}},"58":{"start":{"line":77,"column":25},"end":{"line":77,"column":49}},"59":{"start":{"line":78,"column":12},"end":{"line":78,"column":89}},"60":{"start":{"line":78,"column":25},"end":{"line":78,"column":44}},"61":{"start":{"line":80,"column":12},"end":{"line":80,"column":92}},"62":{"start":{"line":80,"column":25},"end":{"line":80,"column":42}},"63":{"start":{"line":81,"column":12},"end":{"line":81,"column":97}},"64":{"start":{"line":81,"column":25},"end":{"line":81,"column":47}},"65":{"start":{"line":83,"column":12},"end":{"line":83,"column":89}},"66":{"start":{"line":83,"column":25},"end":{"line":83,"column":47}},"67":{"start":{"line":84,"column":12},"end":{"line":84,"column":95}},"68":{"start":{"line":84,"column":25},"end":{"line":84,"column":50}},"69":{"start":{"line":85,"column":12},"end":{"line":85,"column":89}},"70":{"start":{"line":85,"column":25},"end":{"line":85,"column":48}},"71":{"start":{"line":86,"column":12},"end":{"line":86,"column":104}},"72":{"start":{"line":86,"column":25},"end":{"line":86,"column":48}},"73":{"start":{"line":87,"column":12},"end":{"line":87,"column":105}},"74":{"start":{"line":87,"column":25},"end":{"line":87,"column":55}},"75":{"start":{"line":88,"column":12},"end":{"line":88,"column":95}},"76":{"start":{"line":88,"column":25},"end":{"line":88,"column":50}},"77":{"start":{"line":90,"column":12},"end":{"line":90,"column":105}},"78":{"start":{"line":90,"column":25},"end":{"line":90,"column":48}},"79":{"start":{"line":91,"column":12},"end":{"line":91,"column":110}},"80":{"start":{"line":91,"column":25},"end":{"line":91,"column":53}},"81":{"start":{"line":93,"column":12},"end":{"line":93,"column":102}},"82":{"start":{"line":93,"column":25},"end":{"line":93,"column":60}},"83":{"start":{"line":94,"column":12},"end":{"line":94,"column":108}},"84":{"start":{"line":94,"column":25},"end":{"line":94,"column":63}},"85":{"start":{"line":95,"column":12},"end":{"line":95,"column":102}},"86":{"start":{"line":95,"column":25},"end":{"line":95,"column":61}},"87":{"start":{"line":96,"column":12},"end":{"line":96,"column":117}},"88":{"start":{"line":96,"column":25},"end":{"line":96,"column":61}},"89":{"start":{"line":97,"column":12},"end":{"line":97,"column":118}},"90":{"start":{"line":97,"column":25},"end":{"line":97,"column":68}},"91":{"start":{"line":98,"column":12},"end":{"line":98,"column":108}},"92":{"start":{"line":98,"column":25},"end":{"line":98,"column":63}},"93":{"start":{"line":100,"column":12},"end":{"line":100,"column":112}},"94":{"start":{"line":100,"column":25},"end":{"line":100,"column":62}},"95":{"start":{"line":101,"column":12},"end":{"line":101,"column":116}},"96":{"start":{"line":101,"column":25},"end":{"line":101,"column":66}},"97":{"start":{"line":103,"column":12},"end":{"line":103,"column":108}},"98":{"start":{"line":103,"column":25},"end":{"line":103,"column":66}},"99":{"start":{"line":104,"column":12},"end":{"line":104,"column":114}},"100":{"start":{"line":104,"column":25},"end":{"line":104,"column":69}},"101":{"start":{"line":105,"column":12},"end":{"line":105,"column":108}},"102":{"start":{"line":105,"column":25},"end":{"line":105,"column":67}},"103":{"start":{"line":106,"column":12},"end":{"line":106,"column":123}},"104":{"start":{"line":106,"column":25},"end":{"line":106,"column":67}},"105":{"start":{"line":107,"column":12},"end":{"line":107,"column":123}},"106":{"start":{"line":107,"column":25},"end":{"line":107,"column":73}},"107":{"start":{"line":108,"column":12},"end":{"line":108,"column":114}},"108":{"start":{"line":108,"column":25},"end":{"line":108,"column":69}},"109":{"start":{"line":110,"column":12},"end":{"line":110,"column":119}},"110":{"start":{"line":110,"column":25},"end":{"line":110,"column":67}},"111":{"start":{"line":111,"column":12},"end":{"line":111,"column":124}},"112":{"start":{"line":111,"column":25},"end":{"line":111,"column":72}},"113":{"start":{"line":113,"column":12},"end":{"line":113,"column":116}},"114":{"start":{"line":113,"column":25},"end":{"line":113,"column":74}},"115":{"start":{"line":114,"column":12},"end":{"line":114,"column":122}},"116":{"start":{"line":114,"column":25},"end":{"line":114,"column":77}},"117":{"start":{"line":115,"column":12},"end":{"line":115,"column":116}},"118":{"start":{"line":115,"column":25},"end":{"line":115,"column":75}},"119":{"start":{"line":116,"column":12},"end":{"line":116,"column":131}},"120":{"start":{"line":116,"column":25},"end":{"line":116,"column":75}},"121":{"start":{"line":117,"column":12},"end":{"line":117,"column":132}},"122":{"start":{"line":117,"column":25},"end":{"line":117,"column":82}},"123":{"start":{"line":118,"column":12},"end":{"line":119,"column":62}},"124":{"start":{"line":118,"column":25},"end":{"line":119,"column":17}},"125":{"start":{"line":121,"column":12},"end":{"line":121,"column":129}},"126":{"start":{"line":121,"column":25},"end":{"line":121,"column":75}},"127":{"start":{"line":122,"column":12},"end":{"line":122,"column":134}},"128":{"start":{"line":122,"column":25},"end":{"line":122,"column":80}},"129":{"start":{"line":124,"column":12},"end":{"line":124,"column":125}},"130":{"start":{"line":124,"column":25},"end":{"line":124,"column":84}},"131":{"start":{"line":125,"column":12},"end":{"line":125,"column":131}},"132":{"start":{"line":125,"column":25},"end":{"line":125,"column":87}},"133":{"start":{"line":126,"column":12},"end":{"line":126,"column":140}},"134":{"start":{"line":126,"column":25},"end":{"line":126,"column":85}},"135":{"start":{"line":127,"column":12},"end":{"line":127,"column":141}},"136":{"start":{"line":127,"column":25},"end":{"line":127,"column":92}},"137":{"start":{"line":128,"column":12},"end":{"line":128,"column":131}},"138":{"start":{"line":128,"column":25},"end":{"line":128,"column":87}},"139":{"start":{"line":131,"column":12},"end":{"line":131,"column":138}},"140":{"start":{"line":131,"column":25},"end":{"line":131,"column":96}},"141":{"start":{"line":132,"column":12},"end":{"line":132,"column":144}},"142":{"start":{"line":132,"column":25},"end":{"line":132,"column":99}},"143":{"start":{"line":133,"column":12},"end":{"line":133,"column":138}},"144":{"start":{"line":133,"column":25},"end":{"line":133,"column":97}},"145":{"start":{"line":134,"column":12},"end":{"line":134,"column":153}},"146":{"start":{"line":134,"column":25},"end":{"line":134,"column":97}},"147":{"start":{"line":135,"column":12},"end":{"line":135,"column":154}},"148":{"start":{"line":135,"column":25},"end":{"line":135,"column":104}},"149":{"start":{"line":136,"column":12},"end":{"line":136,"column":144}},"150":{"start":{"line":136,"column":25},"end":{"line":136,"column":99}},"151":{"start":{"line":138,"column":12},"end":{"line":138,"column":148}},"152":{"start":{"line":138,"column":25},"end":{"line":138,"column":97}},"153":{"start":{"line":139,"column":12},"end":{"line":139,"column":153}},"154":{"start":{"line":139,"column":25},"end":{"line":139,"column":102}},"155":{"start":{"line":141,"column":12},"end":{"line":141,"column":144}},"156":{"start":{"line":141,"column":25},"end":{"line":141,"column":103}},"157":{"start":{"line":142,"column":12},"end":{"line":142,"column":150}},"158":{"start":{"line":142,"column":25},"end":{"line":142,"column":106}},"159":{"start":{"line":143,"column":12},"end":{"line":143,"column":150}},"160":{"start":{"line":143,"column":25},"end":{"line":143,"column":107}},"161":{"start":{"line":144,"column":12},"end":{"line":144,"column":159}},"162":{"start":{"line":144,"column":25},"end":{"line":144,"column":104}},"163":{"start"
[...]
"line":170,"column":8}},"84":{"start":{"line":156,"column":22},"end":{"line":156,"column":48}},"85":{"start":{"line":158,"column":8},"end":{"line":168,"column":9}},"86":{"start":{"line":160,"column":10},"end":{"line":160,"column":99}},"87":{"start":{"line":162,"column":10},"end":{"line":162,"column":52}},"88":{"start":{"line":165,"column":12},"end":{"line":165,"column":34}},"89":{"start":{"line":166,"column":12},"end":{"line":166,"column":60}},"90":{"start":{"line":167,"column":12},"end":{"line":167,"column":86}},"91":{"start":{"line":172,"column":6},"end":{"line":188,"column":8}},"92":{"start":{"line":174,"column":23},"end":{"line":174,"column":28}},"93":{"start":{"line":176,"column":8},"end":{"line":186,"column":9}},"94":{"start":{"line":178,"column":10},"end":{"line":178,"column":98}},"95":{"start":{"line":180,"column":10},"end":{"line":180,"column":52}},"96":{"start":{"line":183,"column":12},"end":{"line":183,"column":34}},"97":{"start":{"line":184,"column":12},"end":{"line":184,"column":60}},"98":{"start":{"line":185,"column":12},"end":{"line":185,"column":139}},"99":{"start":{"line":190,"column":6},"end":{"line":206,"column":8}},"100":{"start":{"line":192,"column":33},"end":{"line":192,"column":59}},"101":{"start":{"line":194,"column":8},"end":{"line":204,"column":9}},"102":{"start":{"line":196,"column":10},"end":{"line":196,"column":98}},"103":{"start":{"line":198,"column":10},"end":{"line":198,"column":52}},"104":{"start":{"line":201,"column":12},"end":{"line":201,"column":34}},"105":{"start":{"line":202,"column":12},"end":{"line":202,"column":60}},"106":{"start":{"line":203,"column":12},"end":{"line":203,"column":91}},"107":{"start":{"line":209,"column":6},"end":{"line":210,"column":33}},"108":{"start":{"line":209,"column":18},"end":{"line":210,"column":32}}},"fnMap":{"0":{"name":"(anonymous_0)","decl":{"start":{"line":11,"column":29},"end":{"line":11,"column":30}},"loc":{"start":{"line":11,"column":35},"end":{"line":211,"column":1}},"line":11},"1":{"name":"(anonymous_1)","decl":{"start":{"line":12,"column":11},"end":{"line":12,"column":12}},"loc":{"start":{"line":12,"column":17},"end":{"line":12,"column":46}},"line":12},"2":{"name":"(anonymous_2)","decl":{"start":{"line":27,"column":19},"end":{"line":27,"column":20}},"loc":{"start":{"line":27,"column":31},"end":{"line":79,"column":9}},"line":27},"3":{"name":"(anonymous_3)","decl":{"start":{"line":82,"column":106},"end":{"line":82,"column":107}},"loc":{"start":{"line":82,"column":118},"end":{"line":98,"column":7}},"line":82},"4":{"name":"(anonymous_4)","decl":{"start":{"line":100,"column":68},"end":{"line":100,"column":69}},"loc":{"start":{"line":100,"column":80},"end":{"line":116,"column":7}},"line":100},"5":{"name":"(anonymous_5)","decl":{"start":{"line":118,"column":60},"end":{"line":118,"column":61}},"loc":{"start":{"line":118,"column":72},"end":{"line":133,"column":7}},"line":118},"6":{"name":"(anonymous_6)","decl":{"start":{"line":136,"column":63},"end":{"line":136,"column":64}},"loc":{"start":{"line":136,"column":75},"end":{"line":152,"column":7}},"line":136},"7":{"name":"(anonymous_7)","decl":{"start":{"line":154,"column":61},"end":{"line":154,"column":62}},"loc":{"start":{"line":154,"column":73},"end":{"line":170,"column":7}},"line":154},"8":{"name":"(anonymous_8)","decl":{"start":{"line":172,"column":65},"end":{"line":172,"column":66}},"loc":{"start":{"line":172,"column":77},"end":{"line":188,"column":7}},"line":172},"9":{"name":"(anonymous_9)","decl":{"start":{"line":190,"column":65},"end":{"line":190,"column":66}},"loc":{"start":{"line":190,"column":77},"end":{"line":206,"column":7}},"line":190},"10":{"name":"(anonymous_10)","decl":{"start":{"line":209,"column":12},"end":{"line":209,"column":13}},"loc":{"start":{"line":209,"column":18},"end":{"line":210,"column":32}},"line":209}},"branchMap":{},"s":{"0":1,"1":1,"2":1,"3":1,"4":1,"5":1,"6":1,"7":1,"8":1,"9":1,"10":1,"11":1,"12":1,"13":1,"14":1,"15":7,"16":7,"17":7,"18":7,"19":7,"20":7,"21":7,"22":7,"23":7,"24":7,"25":7,"26":7,"27":7,"28":7,"29":7,"30":7,"31":7,"32":7,"33":7,"34":7,"35":7,"36":7,"37":7,"38":7,"39":7,"40":7,"41":7,"42":7,"43":7,"44":7,"45":7,"46":7,"47":7,"48":1,"49":1,"50":1,"51":1,"52":1,"53":1,"54":1,"55":1,"56":1,"57":1,"58":1,"59":1,"60":1,"61":1,"62":1,"63":0,"64":1,"65":1,"66":1,"67":1,"68":1,"69":1,"70":1,"71":0,"72":1,"73":1,"74":1,"75":1,"76":1,"77":1,"78":1,"79":0,"80":1,"81":1,"82":1,"83":1,"84":1,"85":1,"86":1,"87":0,"88":1,"89":1,"90":1,"91":1,"92":1,"93":1,"94":1,"95":0,"96":1,"97":1,"98":1,"99":1,"100":1,"101":1,"102":1,"103":0,"104":1,"105":1,"106":1,"107":1,"108":1},"f":{"0":1,"1":1,"2":7,"3":1,"4":1,"5":1,"6":1,"7":1,"8":1,"9":1,"10":1},"b":{},"_coverageSchema":"43e27e138ebf9cfc5966b082cf9a028302ed4184","hash":"a8fc99d876d2c73f4f519166796112d9f316547e","contentHash":"911605dd8298da4d9e975ab26a271ef82e820a9622a09672b611eb5f00a3c916"},"/home/adrianzhu/Avarus-App/avarus-api/logic/user/sell-out-stock/index.js":{"path":"/home/adrianzhu/Avarus-App/avarus-api/logic/user/sell-out-stock/index.js","statementMap":{"0":{"start":{"line":1,"column":63},"end":{"line":1,"column":85}},"1":{"start":{"line":2,"column":66},"end":{"line":2,"column":88}},"2":{"start":{"line":19,"column":0},"end":{"line":102,"column":1}},"3":{"start":{"line":21,"column":4},"end":{"line":21,"column":27}},"4":{"start":{"line":22,"column":4},"end":{"line":22,"column":45}},"5":{"start":{"line":24,"column":4},"end":{"line":24,"column":30}},"6":{"start":{"line":25,"column":4},"end":{"line":25,"column":51}},"7":{"start":{"line":27,"column":4},"end":{"line":27,"column":28}},"8":{"start":{"line":28,"column":4},"end":{"line":28,"column":47}},"9":{"start":{"line":30,"column":4},"end":{"line":30,"column":39}},"10":{"start":{"line":31,"column":4},"end":{"line":31,"column":69}},"11":{"start":{"line":33,"column":4},"end":{"line":33,"column":30}},"12":{"start":{"line":34,"column":4},"end":{"line":34,"column":51}},"13":{"start":{"line":35,"column":4},"end":{"line":35,"column":76}},"14":{"start":{"line":37,"column":4},"end":{"line":37,"column":29}},"15":{"start":{"line":39,"column":4},"end":{"line":101,"column":8}},"16":{"start":{"line":41,"column":8},"end":{"line":41,"column":107}},"17":{"start":{"line":41,"column":37},"end":{"line":41,"column":107}},"18":{"start":{"line":43,"column":22},"end":{"line":43,"column":51}},"19":{"start":{"line":45,"column":8},"end":{"line":45,"column":84}},"20":{"start":{"line":45,"column":19},"end":{"line":45,"column":84}},"21":{"start":{"line":47,"column":24},"end":{"line":47,"column":57}},"22":{"start":{"line":49,"column":8},"end":{"line":49,"column":93}},"23":{"start":{"line":49,"column":22},"end":{"line":49,"column":93}},"24":{"start":{"line":51,"column":22},"end":{"line":53,"column":9}},"25":{"start":{"line":52,"column":12},"end":{"line":52,"column":49}},"26":{"start":{"line":52,"column":37},"end":{"line":52,"column":49}},"27":{"start":{"line":55,"column":29},"end":{"line":55,"column":37}},"28":{"start":{"line":58,"column":7},"end":{"line":58,"column":94}},"29":{"start":{"line":58,"column":27},"end":{"line":58,"column":94}},"30":{"start":{"line":60,"column":33},"end":{"line":60,"column":79}},"31":{"start":{"line":62,"column":8},"end":{"line":62,"column":117}},"32":{"start":{"line":62,"column":30},"end":{"line":62,"column":117}},"33":{"start":{"line":64,"column":40},"end":{"line":64,"column":56}},"34":{"start":{"line":66,"column":8},"end":{"line":66,"column":158}},"35":{"start":{"line":66,"column":37},"end":{"line":66,"column":158}},"36":{"start":{"line":68,"column":8},"end":{"line":68,"column":33}},"37":{"start":{"line":70,"column":8},"end":{"line":70,"column":49}},"38":{"start":{"line":72,"column":24},"end":{"line":72,"column":37}},"39":{"start":{"line":74,"column":8},"end":{"line":74,"column":81}},"40":{"start":{"line":74,"column":20},"end":{"line":74,"column":81}},"41":{"start":{"line":76,"column":23},"end":{"line":76,"column":39}},"42":{"start":{"line":78,"column":24},"end":{"line":78,"column":28}},"43":{"start":{"line":80,"column":8},"end":{"line":80,"column":24}},"44":{"start":{"line":82,"column":8},"end":{"line":82,"column":41}},"45":{"start":{"line":84,"column":8},"end":{"line":84,"column":28}},"46":{"start":{"line":88,"column":19},"end":{"line":88,"column":27}},"47":{"start":{"line":90,"column":35},"end":{"line":90,"column":180}},"48":{"start":{"line":92,"column":26},"end":{"line":92,"column":52}},"49":{"start":{"line":94,"column":8},"end":{"line":94,"column":45}},"50":{"start":{"line":96,"column":8},"end":{"line":96,"column":31}},"51":{"start":{"line":97,"column":8},"end":{"line":97,"column":47}},"52":{"start":{"line":98,"column":8},"end":{"line":98,"column":19}},"53":{"start":{"line":100,"column":8},"end":{"line":100,"column":33}}},"fnMap":{"0":{"name":"(anonymous_0)","decl":{"start":{"line":19,"column":17},"end":{"line":19,"column":18}},"loc":{"start":{"line":19,"column":96},"end":{"line":102,"column":1}},"line":19},"1":{"name":"(anonymous_1)","decl":{"start":{"line":39,"column":12},"end":{"line":39,"column":13}},"loc":{"start":{"line":39,"column":24},"end":{"line":101,"column":5}},"line":39},"2":{"name":"(anonymous_2)","decl":{"start":{"line":51,"column":44},"end":{"line":51,"column":45}},"loc":{"start":{"line":51,"column":53},"end":{"line":53,"column":8}},"line":51}},"branchMap":{"0":{"loc":{"start":{"line":41,"column":8},"end":{"line":41,"column":107}},"type":"if","locations":[{"start":{"line":41,"column":8},"end":{"line":41,"column":107}},{"start":{"line":41,"column":8},"end":{"line":41,"column":107}}],"line":41},"1":{"loc":{"start":{"line":45,"column":8},"end":{"line":45,"column":84}},"type":"if","locations":[{"start":{"line":45,"column":8},"end":{"line":45,"column":84}},{"start":{"line":45,"column":8},"end":{"line":45,"column":84}}],"line":45},"2":{"loc":{"start":{"line":49,"column":8},"end":{"line":49,"column":93}},"type":"if","locations":[{"start":{"line":49,"column":8},"end":{"line":49,"column":93}},{"start":{"line":49,"column":8},"end":{"line":49,"column":93}}],"line":49},"3":{"loc":{"start":{"line":52,"column":12},"end":{"line":52,"column":49}},"type":"if","locations":[{"start":{"line":52,"column":12},"end":{"line":52,"column":49}},{"start":{"line":52,"column":12},"end":{"line":52,"column":49}}],"line":52},"4":{"loc":{"start":{"line":58,"column":7},"end":{"line":58,"column":94}},"type":"if","locations":[{"start":{"line":58,"column":7},"end":{"line":58,"column":94}},{"start":{"line":58,"column":7},"end":{"line":58,"column":94}}],"line":58},"5":{"loc":{"start":{"line":62,"column":8},"end":{"line":62,"column":117}},"type":"if","locations":[{"start":{"line":62,"column":8},"end":{"line":62,"column":117}},{"start":{"line":62,"column":8},"end":{"line":62,"column":117}}],"line":62},"6":{"loc":{"start":{"line":66,"column":8},"end":{"line":66,"column":158}},"type":"if","locations":[{"start":{"line":66,"column":8},"end":{"line":66,"column":158}},{"start":{"line":66,"column":8},"end":{"line":66,"column":158}}],"line":66},"7":{"loc":{"start":{"line":74,"column":8},"end":{"line":74,"column":81}},"type":"if","locations":[{"start":{"line":74,"column":8},"end":{"line":74,"column":81}},{"start":{"line":74,"column":8},"end":{"line":74,"column":81}}],"line":74}},"s":{"0":1,"1":1,"2":1,"3":7,"4":7,"5":7,"6":7,"7":7,"8":7,"9":7,"10":7,"11":7,"12":7,"13":7,"14":7,"15":7,"16":7,"17":1,"18":6,"19":6,"20":1,"21":5,"22":5,"23":1,"24":4,"25":4,"26":3,"27":4,"28":4,"29":1,"30":3,"31":3,"32":1,"33":2,"34":2,"35":1,"36":1,"37":1,"38":1,"39":1,"40":0,"41":1,"42":1,"43":1,"44":1,"45":1,"46":1,"47":1,"48":1,"49":1,"50":1,"51":1,"52":1,"53":1},"f":{"0":7,"1":7,"2":4},"b":{"0":[1,6],"1":[1,5],"2":[1,4],"3":[3,1],"4":[1,3],"5":[1,2],"6":[1,1],"7":[0,1]},"_coverageSchema":"43e27e138ebf9cfc5966b082cf9a028302ed4184","hash":"c23fef9e29af82ff1ebe91870e37ea040c8476d8","contentHash":"60150b3537f064d07b4aa09134d17241e05b923f1abe51bd259db5e6cf4d4a21"},"/home/adrianzhu/Avarus-App/avarus-api/logic/user/toggle-fav/index.spec.js":{"path":"/home/adrianzhu/Avarus-App/avarus-api/logic/user/toggle-fav/index.spec.js","statementMap":{"0":{"start":{"line":1,"column":0},"end":{"line":1,"column":26}},"1":{"start":{"line":2,"column":33},"end":{"line":2,"column":40}},"2":{"start":{"line":3,"column":19},"end":{"line":3,"column":34}},"3":{"start":{"line":4,"column":19},"end":{"line":4,"column":23}},"4":{"start":{"line":5,"column":19},"end":{"line":5,"column":31}},"5":{"start":{"line":6,"column":39},"end":{"line":6,"column":61}},"6":{"start":{"line":7,"column":15},"end":{"line":7,"column":34}},"7":{"start":{"line":9,"column":0},"end":{"line":55,"column":2}},"8":{"start":{"line":10,"column":4},"end":{"line":10,"column":47}},"9":{"start":{"line":10,"column":17},"end":{"line":10,"column":46}},"10":{"start":{"line":12,"column":4},"end":{"line":12,"column":38}},"11":{"start":{"line":14,"column":4},"end":{"line":26,"column":6}},"12":{"start":{"line":15,"column":8},"end":{"line":15,"column":31}},"13":{"start":{"line":17,"column":8},"end":{"line":17,"column":44}},"14":{"start":{"line":18,"column":8},"end":{"line":18,"column":41}},"15":{"start":{"line":19,"column":8},"end":{"line":19,"column":60}},"16":{"start":{"line":20,"column":8},"end":{"line":20,"column":21}},"17":{"start":{"line":21,"column":8},"end":{"line":21,"column":25}},"18":{"start":{"line":23,"column":21},"end":{"line":23,"column":142}},"19":{"start":{"line":25,"column":8},"end":{"line":25,"column":24}},"20":{"start":{"line":28,"column":4},"end":{"line":37,"column":6}},"21":{"start":{"line":30,"column":25},"end":{"line":30,"column":56}},"22":{"start":{"line":31,"column":8},"end":{"line":31,"column":40}},"23":{"start":{"line":32,"column":8},"end":{"line":32,"column":42}},"24":{"start":{"line":33,"column":8},"end":{"line":33,"column":48}},"25":{"start":{"line":34,"column":8},"end":{"line":34,"column":50}},"26":{"start":{"line":35,"column":8},"end":{"line":35,"column":67}},"27":{"start":{"line":39,"column":4},"end":{"line":53,"column":6}},"28":{"start":{"line":40,"column":8},"end":{"line":44,"column":10}},"29":{"start":{"line":41,"column":12},"end":{"line":41,"column":46}},"30":{"start":{"line":42,"column":12},"end":{"line":42,"column":38}},"31":{"start":{"line":43,"column":12},"end":{"line":43,"column":29}},"32":{"start":{"line":46,"column":8},"end":{"line":52,"column":10}},"33":{"start":{"line":47,"column":25},"end":{"line":47,"column":56}},"34":{"start":{"line":48,"column":12},"end":{"line":48,"column":44}},"35":{"start":{"line":49,"column":25},"end":{"line":49,"column":52}},"36":{"start":{"line":50,"column":12},"end":{"line":50,"column":52}},"37":{"start":{"line":51,"column":12},"end":{"line":51,"column":54}},"38":{"start":{"line":54,"column":4},"end":{"line":54,"column":60}},"39":{"start":{"line":54,"column":16},"end":{"line":54,"column":59}}},"fnMap":{"0":{"name":"(anonymous_0)","decl":{"start":{"line":9,"column":31},"end":{"line":9,"column":32}},"loc":{"start":{"line":9,"column":37},"end":{"line":55,"column":1}},"line":9},"1":{"name":"(anonymous_1)","decl":{"start":{"line":10,"column":11},"end":{"line":10,"column":12}},"loc":{"start":{"line":10,"column":17},"end":{"line":10,"column":46}},"line":10},"2":{"name":"(anonymous_2)","decl":{"start":{"line":14,"column":15},"end":{"line":14,"column":16}},"loc":{"start":{"line":14,"column":27},"end":{"line":26,"column":5}},"line":14},"3":{"name":"(anonymous_3)","decl":{"start":{"line":28,"column":40},"end":{"line":28,"column":41}},"loc":{"start":{"line":28,"column":52},"end":{"line":37,"column":5}},"line":28},"4":{"name":"(anonymous_4)","decl":{"start":{"line":39,"column":41},"end":{"line":39,"column":42}},"loc":{"start":{"line":39,"column":47},"end":{"line":53,"column":5}},"line":39},"5":{"name":"(anonymous_5)","decl":{"start":{"line":40,"column":19},"end":{"line":40,"column":20}},"loc":{"start":{"line":40,"column":31},"end":{"line":44,"column":9}},"line":40},"6":{"name":"(anonymous_6)","decl":{"start":{"line":46,"column":46},"end":{"line":46,"column":47}},"loc":{"start":{"line":46,"column":58},"end":{"line":52,"column":9}},"line":46},"7":{"name":"(anonymous_7)","decl":{"start":{"line":54,"column":10},"end":{"line":54,"column":11}},"loc":{"start":{"line":54,"column":16},"end":{"line":54,"column":59}},"line":54}},"branchMap":{},"s":{"0":1,"1":1,"2":1,"3":1,"4":1,"5":1,"6":1,"7":1,"8":1,"9":1,"10":1,"11":1,"12":2,"13":2,"14":2,"15":2,"16":2,"17":2,"18":2,"19":2,"20":1,"21":1,"22":1,"23":1,"24":1,"25":1,"26":1,"27":1,"28":1,"29":1,"30":1,"31":1,"32":1,"33":1,"34":1,"35":1,"36":1,"37":1,"38":1,"39":1},"f":{"0":1,"1":1,"2":2,"3":1,"4":1,"5":1,"6":1,"7":1},"b":{},"_coverageSchema":"43e27e138ebf9cfc5966b082cf9a028302ed4184","hash":"931b3b98e0d2650c4267cce4b4aba4360377e8ad","contentHash":"304987448f3db835407125d855cac9be0937f7d97ecdb0ba556f25d211b846a7"},"/home/adrianzhu/Avarus-App/avarus-api/logic/user/toggle-fav/index.js":{"path":"/home/adrianzhu/Avarus-App/avarus-api/logic/user/toggle-fav/index.js","statementMap":{"0":{"start":{"line":1,"column":62},"end":{"line":1,"column":84}},"1":{"start":{"line":2,"column":39},"end":{"line":2,"column":61}},"2":{"start":{"line":12,"column":0},"end":{"line":40,"column":1}},"3":{"start":{"line":16,"column":4},"end":{"line":16,"column":27}},"4":{"start":{"line":17,"column":4},"end":{"line":17,"column":45}},"5":{"start":{"line":18,"column":4},"end":{"line":18,"column":88}},"6":{"start":{"line":18,"column":35},"end":{"line":18,"column":88}},"7":{"start":{"line":20,"column":4},"end":{"line":20,"column":30}},"8":{"start":{"line":21,"column":4},"end":{"line":21,"column":51}},"9":{"start":{"line":22,"column":4},"end":{"line":22,"column":94}},"10":{"start":{"line":22,"column":38},"end":{"line":22,"column":94}},"11":{"start":{"line":24,"column":4},"end":{"line":39,"column":8}},"12":{"start":{"line":27,"column":21},"end":{"line":27,"column":48}},"13":{"start":{"line":28,"column":8},"end":{"line":28,"column":78}},"14":{"start":{"line":28,"column":19},"end":{"line":28,"column":78}},"15":{"start":{"line":30,"column":25},"end":{"line":30,"column":58}},"16":{"start":{"line":32,"column":8},"end":{"line":36,"column":9}},"17":{"start":{"line":33,"column":12},"end":{"line":33,"column":42}},"18":{"start":{"line":35,"column":12},"end":{"line":35,"column":46}},"19":{"start":{"line":38,"column":8},"end":{"line":38,"column":25}}},"fnMap":{"0":{"name":"(anonymous_0)","decl":{"start":{"line":12,"column":17},"end":{"line":12,"column":18}},"loc":{"start":{"line":12,"column":46},"end":{"line":40,"column":1}},"line":12},"1":{"name":"(anonymous_1)","decl":{"start":{"line":24,"column":12},"end":{"line":24,"column":13}},"loc":{"start":{"line":24,"column":24},"end":{"line":39,"column":5}},"line":24}},"branchMap":{"0":{"loc":{"start":{"line":18,"column":4},"end":{"line":18,"column":88}},"type":"if","locations":[{"start":{"line":18,"column":4},"end":{"line":18,"column":88}},{"start":{"line":18,"column":4},"end":{"line":18,"column":88}}],"line":18},"1":{"loc":{"start":{"line":22,"column":4},"end":{"line":22,"column":94}},"type":"if","locations":[{"start":{"line":22,"column":4},"end":{"line":22,"column":94}},{"start":{"line":22,"column":4},"end":{"line":22,"column":94}}],"line":22},"2":{"loc":{"start":{"line":28,"column":8},"end":{"line":28,"column":78}},"type":"if","locations":[{"start":{"line":28,"column":8},"end":{"line":28,"column":78}},{"start":{"line":28,"column":8},"end":{"line":28,"column":78}}],"line":28},"3":{"loc":{"start":{"line":32,"column":8},"end":{"line":36,"column":9}},"type":"if","locations":[{"start":{"line":32,"column":8},"end":{"line":36,"column":9}},{"start":{"line":32,"column":8},"end":{"line":36,"column":9}}],"line":32}},"s":{"0":1,"1":1,"2":1,"3":2,"4":2,"5":2,"6":0,"7":2,"8":2,"9":2,"10":0,"11":2,"12":2,"13":2,"14":0,"15":2,"16":2,"17":1,"18":1,"19":2},"f":{"0":2,"1":2},"b":{"0":[0,2],"1":[0,2],"2":[0,2],"3":[1,1]},"_coverageSchema":"43e27e138ebf9cfc5966b082cf9a028302ed4184","hash":"51f30170082af4fec0750772562efba572ba7d6b","contentHash":"c11046a0953884ff78dbb5dd01f52248da74f964b8e2a00f40227c9bfe37991e"}}